#
# A fatal error has been detected by the Java Runtime Environment:
#
#  EXCEPTION_ACCESS_VIOLATION (0xc0000005) at pc=0x00007fff15515eac, pid=30956, tid=28820
#
# JRE version: OpenJDK Runtime Environment Corretto-18.0.2.9.1 (18.0.2+9) (build 18.0.2+9-FR)
# Java VM: OpenJDK 64-Bit Server VM Corretto-18.0.2.9.1 (18.0.2+9-FR, mixed mode, sharing, tiered, compressed oops, compressed class ptrs, g1 gc, windows-amd64)
# Problematic frame:
# C  [igxelpicd64.dll+0x35eac]
#
# No core dump will be written. Minidumps are not enabled by default on client versions of Windows
#
# If you would like to submit a bug report, please visit:
#   https://github.com/corretto/corretto-18/issues/
# The crash happened outside the Java Virtual Machine in native code.
# See problematic frame for where to report the bug.
#

---------------  S U M M A R Y ------------

Command Line: -agentlib:jdwp=transport=dt_socket,address=127.0.0.1:54415,suspend=y,server=n -javaagent:C:\Users\skhub\AppData\Local\JetBrains\IdeaIC2022.3\captureAgent\debugger-agent.jar -Dfile.encoding=UTF-8 -Dsun.stdout.encoding=UTF-8 -Dsun.stderr.encoding=UTF-8 MainKt

Host: 12th Gen Intel(R) Core(TM) i7-1255U, 12 cores, 15G,  Windows 11 , 64 bit Build 22621 (10.0.22621.1105)
Time: Mon Jan 16 21:12:18 2023 Hora estándar del Este elapsed time: 2.303117 seconds (0d 0h 0m 2s)

---------------  T H R E A D  ---------------

Current thread (0x000001d082aeef00):  JavaThread "main" [_thread_in_native, id=28820, stack(0x00000074e4700000,0x00000074e4800000)]

Stack: [0x00000074e4700000,0x00000074e4800000],  sp=0x00000074e47b36b0,  free space=717k
Native frames: (J=compiled Java code, j=interpreted, Vv=VM code, C=native code)
C  [igxelpicd64.dll+0x35eac]

Java frames: (J=compiled Java code, j=interpreted, Vv=VM code)
j  org.lwjgl.opengl.GL11C.glDrawArrays(III)V+0
j  org.lwjgl.opengl.GL11.glDrawArrays(III)V+3
j  Render$frame$2.invoke()V+77
j  Render$frame$2.invoke()Ljava/lang/Object;+1
j  render.ShaderProgram.use(Lkotlin/jvm/functions/Function0;)V+14
j  Render.frame(D)V+96
j  GameEvents.frame(D)V+4
j  GameEvents.frame()V+7
j  Game.loop()V+19
j  Game.run()V+44
j  MainKt.main()V+3
j  MainKt.main([Ljava/lang/String;)V+0
v  ~StubRoutines::call_stub

siginfo: EXCEPTION_ACCESS_VIOLATION (0xc0000005), reading address 0x000001d0b1d2f000


Register to memory mapping:

RIP=0x00007fff15515eac igxelpicd64.dll
RAX=0x0000000000000049 is an unknown value
RBX=0x0 is NULL
RCX=0x0000000000000064 is an unknown value
RDX=0x000001d0b1d2efe0 points into unknown readable memory: 0x000001d0b15f0060 | 60 00 5f b1 d0 01 00 00
RSP=0x00000074e47b36b0 is pointing into the stack for thread: 0x000001d082aeef00
RBP=0x00000074e47b37e0 is pointing into the stack for thread: 0x000001d082aeef00
RSI=0x000001d0aa7e0300 points into unknown readable memory: 0x000001d0aa4d2c00 | 00 2c 4d aa d0 01 00 00
RDI=0x000001d0ad054cc0 points into unknown readable memory: 0x0000000000000000 | 00 00 00 00 00 00 00 00
R8 =0x0000000000003200 is an unknown value
R9 =0x000000000000004a is an unknown value
R10=0x0 is NULL
R11=0x0000000000000008 is an unknown value
R12=0x000001d0aa821101 points into unknown readable memory: 05 82 aa d0 01 00 00
R13=0x000001d0aa9f60b0 points into unknown readable memory: 0x0000000000000000 | 00 00 00 00 00 00 00 00
R14=0x000001d0aa8162a0 points into unknown readable memory: 0x0000000000000000 | 00 00 00 00 00 00 00 00
R15=0x000001d0aa820558 points into unknown readable memory: 0x0000000003404411 | 11 44 40 03 00 00 00 00


Registers:
RAX=0x0000000000000049, RBX=0x0000000000000000, RCX=0x0000000000000064, RDX=0x000001d0b1d2efe0
RSP=0x00000074e47b36b0, RBP=0x00000074e47b37e0, RSI=0x000001d0aa7e0300, RDI=0x000001d0ad054cc0
R8 =0x0000000000003200, R9 =0x000000000000004a, R10=0x0000000000000000, R11=0x0000000000000008
R12=0x000001d0aa821101, R13=0x000001d0aa9f60b0, R14=0x000001d0aa8162a0, R15=0x000001d0aa820558
RIP=0x00007fff15515eac, EFLAGS=0x0000000000010203

Top of Stack: (sp=0x00000074e47b36b0)
0x00000074e47b36b0:   0000000000000000 0000000000000000
0x00000074e47b36c0:   0000000000000000 0000000000000000
0x00000074e47b36d0:   000001d0aa80b758 00007fff15505c69
0x00000074e47b36e0:   0000000000000000 000001d0aa7e0300
0x00000074e47b36f0:   000001d0aa8779c0 000001d0aa815570
0x00000074e47b3700:   000001d000000000 0000000000000000
0x00000074e47b3710:   00000000000012e1 000001d000000006
0x00000074e47b3720:   000001d0aa8162b0 0000000000000000
0x00000074e47b3730:   000001d0aa815570 0000000000000000
0x00000074e47b3740:   0000000000000000 0000000000000000
0x00000074e47b3750:   000001d0aa8779c0 0000000000000000
0x00000074e47b3760:   000001d0b1750160 000001d0aa80b81c
0x00000074e47b3770:   000001d0b17723a0 0000000000000000
0x00000074e47b3780:   000001d0ad052840 000001d0aa8779c0
0x00000074e47b3790:   000001d0b17b4440 0000000000000000
0x00000074e47b37a0:   000001d000000002 000001d000003200 

Instructions: (pc=0x00007fff15515eac)
0x00007fff15515dac:   00 00 c3 b8 07 00 00 00 c3 b8 02 00 00 00 c3 83
0x00007fff15515dbc:   c8 ff c3 cc 40 57 48 83 ec 20 45 33 d2 48 8b f9
0x00007fff15515dcc:   49 83 f8 10 0f 82 ae 00 00 00 83 e1 0f 0f 85 df
0x00007fff15515ddc:   01 00 00 8b c1 45 8b ca 4c 2b c0 0f 29 74 24 10
0x00007fff15515dec:   49 8b c8 0f 29 3c 24 48 c1 e9 07 f6 c2 0f 0f 84
0x00007fff15515dfc:   94 00 00 00 48 85 c9 74 6c 66 66 66 0f 1f 84 00
0x00007fff15515e0c:   00 00 00 00 f3 0f 6f 02 41 ff c1 f3 0f 6f 4a 10
0x00007fff15515e1c:   41 8b c1 f3 0f 6f 52 20 f3 0f 6f 5a 30 f3 0f 6f
0x00007fff15515e2c:   62 40 f3 0f 6f 6a 50 f3 0f 6f 72 60 f3 0f 6f 7a
0x00007fff15515e3c:   70 66 0f e7 07 66 0f e7 4f 10 66 0f e7 57 20 66
0x00007fff15515e4c:   0f e7 5f 30 66 0f e7 67 40 66 0f e7 6f 50 66 0f
0x00007fff15515e5c:   e7 77 60 66 0f e7 7f 70 48 83 ef 80 48 83 ea 80
0x00007fff15515e6c:   48 3b c1 72 9f 41 83 e0 7f 0f 85 0e 01 00 00 0f
0x00007fff15515e7c:   28 74 24 10 0f 28 3c 24 41 83 e0 0f 0f 85 b0 00
0x00007fff15515e8c:   00 00 48 83 c4 20 5f c3 48 85 c9 74 68 0f 1f 80
0x00007fff15515e9c:   00 00 00 00 f3 0f 6f 02 41 ff c1 f3 0f 6f 4a 10
0x00007fff15515eac:   f3 0f 6f 52 20 f3 0f 6f 5a 30 f3 0f 6f 62 40 f3
0x00007fff15515ebc:   0f 6f 6a 50 f3 0f 6f 72 60 f3 0f 6f 7a 70 48 83
0x00007fff15515ecc:   ea 80 66 0f e7 07 66 0f e7 4f 10 66 0f e7 57 20
0x00007fff15515edc:   66 0f e7 5f 30 66 0f e7 67 40 66 0f e7 6f 50 66
0x00007fff15515eec:   0f e7 77 60 66 0f e7 7f 70 48 83 ef 80 41 8b c1
0x00007fff15515efc:   48 3b c1 72 9f 41 83 e0 7f 0f 84 70 ff ff ff 45
0x00007fff15515f0c:   8b c8 41 8b ca 49 c1 e9 04 4d 85 c9 0f 84 5d ff
0x00007fff15515f1c:   ff ff 66 90 f3 0f 6f 02 ff c1 66 0f e7 07 48 83
0x00007fff15515f2c:   c7 10 8b c1 48 83 c2 10 49 3b c1 72 e7 e9 3d ff
0x00007fff15515f3c:   ff ff 4d 8b c8 41 8b ca 49 c1 e9 02 4d 85 c9 74
0x00007fff15515f4c:   15 8b 02 ff c1 89 07 48 83 c2 04 48 83 c7 04 8b
0x00007fff15515f5c:   c1 49 3b c1 72 eb 41 83 e0 03 0f 86 22 ff ff ff
0x00007fff15515f6c:   48 2b d7 0f b6 04 3a 41 ff c2 88 07 48 8d 7f 01
0x00007fff15515f7c:   41 8b c2 49 3b c0 72 eb e9 05 ff ff ff 4d 8b c8
0x00007fff15515f8c:   41 8b ca 49 c1 e9 04 4d 85 c9 0f 84 df fe ff ff
0x00007fff15515f9c:   0f 1f 40 00 f3 0f 6f 02 ff c1 48 83 c2 10 8b c1 


Stack slot to memory mapping:
stack at sp + 0 slots: 0x0 is NULL
stack at sp + 1 slots: 0x0 is NULL
stack at sp + 2 slots: 0x0 is NULL
stack at sp + 3 slots: 0x0 is NULL
stack at sp + 4 slots: 0x000001d0aa80b758 points into unknown readable memory: 0x0000000000000001 | 01 00 00 00 00 00 00 00
stack at sp + 5 slots: 0x00007fff15505c69 igxelpicd64.dll
stack at sp + 6 slots: 0x0 is NULL
stack at sp + 7 slots: 0x000001d0aa7e0300 points into unknown readable memory: 0x000001d0aa4d2c00 | 00 2c 4d aa d0 01 00 00


---------------  P R O C E S S  ---------------

Threads class SMR info:
_java_thread_list=0x000001d0b1754220, length=17, elements={
0x000001d082aeef00, 0x000001d0a5d56440, 0x000001d0a5d56de0, 0x000001d0a5d727d0,
0x000001d0a5d73170, 0x000001d0a5d73b10, 0x000001d0a5d744b0, 0x000001d0a5d75180,
0x000001d0a5d75b60, 0x000001d0a5d76540, 0x000001d0aa093910, 0x000001d0aa10b400,
0x000001d0aa11a8d0, 0x000001d0aa11adb0, 0x000001d0aa1542f0, 0x000001d0aabd78f0,
0x000001d0b162cfa0
}

Java Threads: ( => current thread )
=>0x000001d082aeef00 JavaThread "main" [_thread_in_native, id=28820, stack(0x00000074e4700000,0x00000074e4800000)]
  0x000001d0a5d56440 JavaThread "Reference Handler" daemon [_thread_blocked, id=4464, stack(0x00000074e4e00000,0x00000074e4f00000)]
  0x000001d0a5d56de0 JavaThread "Finalizer" daemon [_thread_blocked, id=33308, stack(0x00000074e4f00000,0x00000074e5000000)]
  0x000001d0a5d727d0 JavaThread "Signal Dispatcher" daemon [_thread_blocked, id=17108, stack(0x00000074e5000000,0x00000074e5100000)]
  0x000001d0a5d73170 JavaThread "Attach Listener" daemon [_thread_blocked, id=24376, stack(0x00000074e5100000,0x00000074e5200000)]
  0x000001d0a5d73b10 JavaThread "Service Thread" daemon [_thread_blocked, id=31788, stack(0x00000074e5200000,0x00000074e5300000)]
  0x000001d0a5d744b0 JavaThread "Monitor Deflation Thread" daemon [_thread_blocked, id=2096, stack(0x00000074e5300000,0x00000074e5400000)]
  0x000001d0a5d75180 JavaThread "C2 CompilerThread0" daemon [_thread_blocked, id=26940, stack(0x00000074e5400000,0x00000074e5500000)]
  0x000001d0a5d75b60 JavaThread "C1 CompilerThread0" daemon [_thread_blocked, id=13364, stack(0x00000074e5500000,0x00000074e5600000)]
  0x000001d0a5d76540 JavaThread "Sweeper thread" daemon [_thread_blocked, id=28264, stack(0x00000074e5600000,0x00000074e5700000)]
  0x000001d0aa093910 JavaThread "Common-Cleaner" daemon [_thread_blocked, id=1776, stack(0x00000074e5700000,0x00000074e5800000)]
  0x000001d0aa10b400 JavaThread "JDWP Transport Listener: dt_socket" daemon [_thread_blocked, id=25584, stack(0x00000074e5800000,0x00000074e5900000)]
  0x000001d0aa11a8d0 JavaThread "JDWP Event Helper Thread" daemon [_thread_blocked, id=30148, stack(0x00000074e5900000,0x00000074e5a00000)]
  0x000001d0aa11adb0 JavaThread "JDWP Command Reader" daemon [_thread_in_native, id=32460, stack(0x00000074e5a00000,0x00000074e5b00000)]
  0x000001d0aa1542f0 JavaThread "Notification Thread" daemon [_thread_blocked, id=26068, stack(0x00000074e5b00000,0x00000074e5c00000)]
  0x000001d0aabd78f0 JavaThread "Thread-0" [_thread_blocked, id=33552, stack(0x00000074e6500000,0x00000074e6600000)]
  0x000001d0b162cfa0 JavaThread "Java Sound Event Dispatcher" daemon [_thread_blocked, id=24940, stack(0x00000074e6600000,0x00000074e6700000)]

Other Threads:
  0x000001d0a5d53be0 VMThread "VM Thread" [stack: 0x00000074e4d00000,0x00000074e4e00000] [id=25464]
  0x000001d0aa1a4000 WatcherThread "VM Periodic Task Thread" [stack: 0x00000074e5c00000,0x00000074e5d00000] [id=12472]
  0x000001d0808db850 WorkerThread "GC Thread#0" [stack: 0x00000074e4800000,0x00000074e4900000] [id=29972]
  0x000001d0b1754430 WorkerThread "GC Thread#1" [stack: 0x00000074e6b00000,0x00000074e6c00000] [id=18380]
  0x000001d0b176cc60 WorkerThread "GC Thread#2" [stack: 0x00000074e6c00000,0x00000074e6d00000] [id=24556]
  0x000001d0b1954f20 WorkerThread "GC Thread#3" [stack: 0x00000074e6d00000,0x00000074e6e00000] [id=16156]
  0x000001d0b19555d0 WorkerThread "GC Thread#4" [stack: 0x00000074e6e00000,0x00000074e6f00000] [id=28368]
  0x000001d0b17af430 WorkerThread "GC Thread#5" [stack: 0x00000074e6f00000,0x00000074e7000000] [id=12580]
  0x000001d0b18c15d0 WorkerThread "GC Thread#6" [stack: 0x00000074e7000000,0x00000074e7100000] [id=25056]
  0x000001d0b18d0400 WorkerThread "GC Thread#7" [stack: 0x00000074e7100000,0x00000074e7200000] [id=6752]
  0x000001d0b17df770 WorkerThread "GC Thread#8" [stack: 0x00000074e7200000,0x00000074e7300000] [id=12156]
  0x000001d0b177bb70 WorkerThread "GC Thread#9" [stack: 0x00000074e7300000,0x00000074e7400000] [id=32100]
  0x000001d082b6dcd0 ConcurrentGCThread "G1 Main Marker" [stack: 0x00000074e4900000,0x00000074e4a00000] [id=16464]
  0x000001d0808dcb60 WorkerThread "G1 Conc#0" [stack: 0x00000074e4a00000,0x00000074e4b00000] [id=17416]
  0x000001d082bae490 ConcurrentGCThread "G1 Refine#0" [stack: 0x00000074e4b00000,0x00000074e4c00000] [id=14368]
  0x000001d082baec40 ConcurrentGCThread "G1 Service" [stack: 0x00000074e4c00000,0x00000074e4d00000] [id=2236]

Threads with active compile tasks:

VM state: not at safepoint (normal execution)

VM Mutex/Monitor currently owned by a thread: None

Heap address: 0x0000000704e00000, size: 4018 MB, Compressed Oops mode: Zero based, Oop shift amount: 3

CDS archive(s) mapped at: [0x0000000800000000-0x0000000800ba0000-0x0000000800ba0000), size 12189696, SharedBaseAddress: 0x0000000800000000, ArchiveRelocationMode: 0.
Compressed class space mapped at: 0x0000000800c00000-0x0000000840c00000, reserved size: 1073741824
Narrow klass base: 0x0000000800000000, Narrow klass shift: 0, Narrow klass range: 0x100000000

GC Precious Log:
 CardTable entry size: 512
 Card Set container configuration: InlinePtr #cards 4 size 8 Array Of Cards #cards 16 size 48 Howl #buckets 8 coarsen threshold 3686 Howl Bitmap #cards 512 size 80 coarsen threshold 460 Card regions per heap region 1 cards per card region 4096
 CPUs: 12 total, 12 available
 Memory: 16068M
 Large Page Support: Disabled
 NUMA Support: Disabled
 Compressed Oops: Enabled (Zero based)
 Heap Region Size: 2M
 Heap Min Capacity: 8M
 Heap Initial Capacity: 252M
 Heap Max Capacity: 4018M
 Pre-touch: Disabled
 Parallel Workers: 10
 Concurrent Workers: 3
 Concurrent Refinement Workers: 10
 Periodic GC: Disabled

Heap:
 garbage-first heap   total 258048K, used 19186K [0x0000000704e00000, 0x0000000800000000)
  region size 2048K, 11 young (22528K), 2 survivors (4096K)
 Metaspace       used 5016K, committed 5248K, reserved 1114112K
  class space    used 284K, committed 384K, reserved 1048576K

Heap Regions: E=young(eden), S=young(survivor), O=old, HS=humongous(starts), HC=humongous(continues), CS=collection set, F=free, OA=open archive, CA=closed archive, TAMS=top-at-mark-start (previous, next)
|   0|0x0000000704e00000, 0x0000000704e00000, 0x0000000705000000|  0%| F|  |TAMS 0x0000000704e00000, 0x0000000704e00000| Untracked 
|   1|0x0000000705000000, 0x0000000705000000, 0x0000000705200000|  0%| F|  |TAMS 0x0000000705000000, 0x0000000705000000| Untracked 
|   2|0x0000000705200000, 0x0000000705200000, 0x0000000705400000|  0%| F|  |TAMS 0x0000000705200000, 0x0000000705200000| Untracked 
|   3|0x0000000705400000, 0x0000000705400000, 0x0000000705600000|  0%| F|  |TAMS 0x0000000705400000, 0x0000000705400000| Untracked 
|   4|0x0000000705600000, 0x0000000705600000, 0x0000000705800000|  0%| F|  |TAMS 0x0000000705600000, 0x0000000705600000| Untracked 
|   5|0x0000000705800000, 0x0000000705800000, 0x0000000705a00000|  0%| F|  |TAMS 0x0000000705800000, 0x0000000705800000| Untracked 
|   6|0x0000000705a00000, 0x0000000705a00000, 0x0000000705c00000|  0%| F|  |TAMS 0x0000000705a00000, 0x0000000705a00000| Untracked 
|   7|0x0000000705c00000, 0x0000000705c00000, 0x0000000705e00000|  0%| F|  |TAMS 0x0000000705c00000, 0x0000000705c00000| Untracked 
|   8|0x0000000705e00000, 0x0000000705e00000, 0x0000000706000000|  0%| F|  |TAMS 0x0000000705e00000, 0x0000000705e00000| Untracked 
|   9|0x0000000706000000, 0x0000000706000000, 0x0000000706200000|  0%| F|  |TAMS 0x0000000706000000, 0x0000000706000000| Untracked 
|  10|0x0000000706200000, 0x0000000706200000, 0x0000000706400000|  0%| F|  |TAMS 0x0000000706200000, 0x0000000706200000| Untracked 
|  11|0x0000000706400000, 0x0000000706400000, 0x0000000706600000|  0%| F|  |TAMS 0x0000000706400000, 0x0000000706400000| Untracked 
|  12|0x0000000706600000, 0x0000000706600000, 0x0000000706800000|  0%| F|  |TAMS 0x0000000706600000, 0x0000000706600000| Untracked 
|  13|0x0000000706800000, 0x0000000706800000, 0x0000000706a00000|  0%| F|  |TAMS 0x0000000706800000, 0x0000000706800000| Untracked 
|  14|0x0000000706a00000, 0x0000000706a00000, 0x0000000706c00000|  0%| F|  |TAMS 0x0000000706a00000, 0x0000000706a00000| Untracked 
|  15|0x0000000706c00000, 0x0000000706c00000, 0x0000000706e00000|  0%| F|  |TAMS 0x0000000706c00000, 0x0000000706c00000| Untracked 
|  16|0x0000000706e00000, 0x0000000706e00000, 0x0000000707000000|  0%| F|  |TAMS 0x0000000706e00000, 0x0000000706e00000| Untracked 
|  17|0x0000000707000000, 0x0000000707000000, 0x0000000707200000|  0%| F|  |TAMS 0x0000000707000000, 0x0000000707000000| Untracked 
|  18|0x0000000707200000, 0x0000000707200000, 0x0000000707400000|  0%| F|  |TAMS 0x0000000707200000, 0x0000000707200000| Untracked 
|  19|0x0000000707400000, 0x0000000707400000, 0x0000000707600000|  0%| F|  |TAMS 0x0000000707400000, 0x0000000707400000| Untracked 
|  20|0x0000000707600000, 0x0000000707600000, 0x0000000707800000|  0%| F|  |TAMS 0x0000000707600000, 0x0000000707600000| Untracked 
|  21|0x0000000707800000, 0x0000000707800000, 0x0000000707a00000|  0%| F|  |TAMS 0x0000000707800000, 0x0000000707800000| Untracked 
|  22|0x0000000707a00000, 0x0000000707a00000, 0x0000000707c00000|  0%| F|  |TAMS 0x0000000707a00000, 0x0000000707a00000| Untracked 
|  23|0x0000000707c00000, 0x0000000707c00000, 0x0000000707e00000|  0%| F|  |TAMS 0x0000000707c00000, 0x0000000707c00000| Untracked 
|  24|0x0000000707e00000, 0x0000000707e00000, 0x0000000708000000|  0%| F|  |TAMS 0x0000000707e00000, 0x0000000707e00000| Untracked 
|  25|0x0000000708000000, 0x0000000708000000, 0x0000000708200000|  0%| F|  |TAMS 0x0000000708000000, 0x0000000708000000| Untracked 
|  26|0x0000000708200000, 0x0000000708200000, 0x0000000708400000|  0%| F|  |TAMS 0x0000000708200000, 0x0000000708200000| Untracked 
|  27|0x0000000708400000, 0x0000000708400000, 0x0000000708600000|  0%| F|  |TAMS 0x0000000708400000, 0x0000000708400000| Untracked 
|  28|0x0000000708600000, 0x0000000708600000, 0x0000000708800000|  0%| F|  |TAMS 0x0000000708600000, 0x0000000708600000| Untracked 
|  29|0x0000000708800000, 0x0000000708800000, 0x0000000708a00000|  0%| F|  |TAMS 0x0000000708800000, 0x0000000708800000| Untracked 
|  30|0x0000000708a00000, 0x0000000708a00000, 0x0000000708c00000|  0%| F|  |TAMS 0x0000000708a00000, 0x0000000708a00000| Untracked 
|  31|0x0000000708c00000, 0x0000000708c00000, 0x0000000708e00000|  0%| F|  |TAMS 0x0000000708c00000, 0x0000000708c00000| Untracked 
|  32|0x0000000708e00000, 0x0000000708e00000, 0x0000000709000000|  0%| F|  |TAMS 0x0000000708e00000, 0x0000000708e00000| Untracked 
|  33|0x0000000709000000, 0x0000000709000000, 0x0000000709200000|  0%| F|  |TAMS 0x0000000709000000, 0x0000000709000000| Untracked 
|  34|0x0000000709200000, 0x0000000709200000, 0x0000000709400000|  0%| F|  |TAMS 0x0000000709200000, 0x0000000709200000| Untracked 
|  35|0x0000000709400000, 0x0000000709400000, 0x0000000709600000|  0%| F|  |TAMS 0x0000000709400000, 0x0000000709400000| Untracked 
|  36|0x0000000709600000, 0x0000000709600000, 0x0000000709800000|  0%| F|  |TAMS 0x0000000709600000, 0x0000000709600000| Untracked 
|  37|0x0000000709800000, 0x0000000709800000, 0x0000000709a00000|  0%| F|  |TAMS 0x0000000709800000, 0x0000000709800000| Untracked 
|  38|0x0000000709a00000, 0x0000000709a00000, 0x0000000709c00000|  0%| F|  |TAMS 0x0000000709a00000, 0x0000000709a00000| Untracked 
|  39|0x0000000709c00000, 0x0000000709c00000, 0x0000000709e00000|  0%| F|  |TAMS 0x0000000709c00000, 0x0000000709c00000| Untracked 
|  40|0x0000000709e00000, 0x0000000709e00000, 0x000000070a000000|  0%| F|  |TAMS 0x0000000709e00000, 0x0000000709e00000| Untracked 
|  41|0x000000070a000000, 0x000000070a000000, 0x000000070a200000|  0%| F|  |TAMS 0x000000070a000000, 0x000000070a000000| Untracked 
|  42|0x000000070a200000, 0x000000070a200000, 0x000000070a400000|  0%| F|  |TAMS 0x000000070a200000, 0x000000070a200000| Untracked 
|  43|0x000000070a400000, 0x000000070a400000, 0x000000070a600000|  0%| F|  |TAMS 0x000000070a400000, 0x000000070a400000| Untracked 
|  44|0x000000070a600000, 0x000000070a600000, 0x000000070a800000|  0%| F|  |TAMS 0x000000070a600000, 0x000000070a600000| Untracked 
|  45|0x000000070a800000, 0x000000070a800000, 0x000000070aa00000|  0%| F|  |TAMS 0x000000070a800000, 0x000000070a800000| Untracked 
|  46|0x000000070aa00000, 0x000000070aa00000, 0x000000070ac00000|  0%| F|  |TAMS 0x000000070aa00000, 0x000000070aa00000| Untracked 
|  47|0x000000070ac00000, 0x000000070ac00000, 0x000000070ae00000|  0%| F|  |TAMS 0x000000070ac00000, 0x000000070ac00000| Untracked 
|  48|0x000000070ae00000, 0x000000070ae00000, 0x000000070b000000|  0%| F|  |TAMS 0x000000070ae00000, 0x000000070ae00000| Untracked 
|  49|0x000000070b000000, 0x000000070b000000, 0x000000070b200000|  0%| F|  |TAMS 0x000000070b000000, 0x000000070b000000| Untracked 
|  50|0x000000070b200000, 0x000000070b200000, 0x000000070b400000|  0%| F|  |TAMS 0x000000070b200000, 0x000000070b200000| Untracked 
|  51|0x000000070b400000, 0x000000070b400000, 0x000000070b600000|  0%| F|  |TAMS 0x000000070b400000, 0x000000070b400000| Untracked 
|  52|0x000000070b600000, 0x000000070b600000, 0x000000070b800000|  0%| F|  |TAMS 0x000000070b600000, 0x000000070b600000| Untracked 
|  53|0x000000070b800000, 0x000000070b800000, 0x000000070ba00000|  0%| F|  |TAMS 0x000000070b800000, 0x000000070b800000| Untracked 
|  54|0x000000070ba00000, 0x000000070ba00000, 0x000000070bc00000|  0%| F|  |TAMS 0x000000070ba00000, 0x000000070ba00000| Untracked 
|  55|0x000000070bc00000, 0x000000070bc00000, 0x000000070be00000|  0%| F|  |TAMS 0x000000070bc00000, 0x000000070bc00000| Untracked 
|  56|0x000000070be00000, 0x000000070be00000, 0x000000070c000000|  0%| F|  |TAMS 0x000000070be00000, 0x000000070be00000| Untracked 
|  57|0x000000070c000000, 0x000000070c000000, 0x000000070c200000|  0%| F|  |TAMS 0x000000070c000000, 0x000000070c000000| Untracked 
|  58|0x000000070c200000, 0x000000070c200000, 0x000000070c400000|  0%| F|  |TAMS 0x000000070c200000, 0x000000070c200000| Untracked 
|  59|0x000000070c400000, 0x000000070c400000, 0x000000070c600000|  0%| F|  |TAMS 0x000000070c400000, 0x000000070c400000| Untracked 
|  60|0x000000070c600000, 0x000000070c600000, 0x000000070c800000|  0%| F|  |TAMS 0x000000070c600000, 0x000000070c600000| Untracked 
|  61|0x000000070c800000, 0x000000070c800000, 0x000000070ca00000|  0%| F|  |TAMS 0x000000070c800000, 0x000000070c800000| Untracked 
|  62|0x000000070ca00000, 0x000000070ca00000, 0x000000070cc00000|  0%| F|  |TAMS 0x000000070ca00000, 0x000000070ca00000| Untracked 
|  63|0x000000070cc00000, 0x000000070cc00000, 0x000000070ce00000|  0%| F|  |TAMS 0x000000070cc00000, 0x000000070cc00000| Untracked 
|  64|0x000000070ce00000, 0x000000070ce00000, 0x000000070d000000|  0%| F|  |TAMS 0x000000070ce00000, 0x000000070ce00000| Untracked 
|  65|0x000000070d000000, 0x000000070d000000, 0x000000070d200000|  0%| F|  |TAMS 0x000000070d000000, 0x000000070d000000| Untracked 
|  66|0x000000070d200000, 0x000000070d200000, 0x000000070d400000|  0%| F|  |TAMS 0x000000070d200000, 0x000000070d200000| Untracked 
|  67|0x000000070d400000, 0x000000070d400000, 0x000000070d600000|  0%| F|  |TAMS 0x000000070d400000, 0x000000070d400000| Untracked 
|  68|0x000000070d600000, 0x000000070d600000, 0x000000070d800000|  0%| F|  |TAMS 0x000000070d600000, 0x000000070d600000| Untracked 
|  69|0x000000070d800000, 0x000000070d800000, 0x000000070da00000|  0%| F|  |TAMS 0x000000070d800000, 0x000000070d800000| Untracked 
|  70|0x000000070da00000, 0x000000070da00000, 0x000000070dc00000|  0%| F|  |TAMS 0x000000070da00000, 0x000000070da00000| Untracked 
|  71|0x000000070dc00000, 0x000000070dc00000, 0x000000070de00000|  0%| F|  |TAMS 0x000000070dc00000, 0x000000070dc00000| Untracked 
|  72|0x000000070de00000, 0x000000070de00000, 0x000000070e000000|  0%| F|  |TAMS 0x000000070de00000, 0x000000070de00000| Untracked 
|  73|0x000000070e000000, 0x000000070e000000, 0x000000070e200000|  0%| F|  |TAMS 0x000000070e000000, 0x000000070e000000| Untracked 
|  74|0x000000070e200000, 0x000000070e200000, 0x000000070e400000|  0%| F|  |TAMS 0x000000070e200000, 0x000000070e200000| Untracked 
|  75|0x000000070e400000, 0x000000070e400000, 0x000000070e600000|  0%| F|  |TAMS 0x000000070e400000, 0x000000070e400000| Untracked 
|  76|0x000000070e600000, 0x000000070e600000, 0x000000070e800000|  0%| F|  |TAMS 0x000000070e600000, 0x000000070e600000| Untracked 
|  77|0x000000070e800000, 0x000000070e800000, 0x000000070ea00000|  0%| F|  |TAMS 0x000000070e800000, 0x000000070e800000| Untracked 
|  78|0x000000070ea00000, 0x000000070ea00000, 0x000000070ec00000|  0%| F|  |TAMS 0x000000070ea00000, 0x000000070ea00000| Untracked 
|  79|0x000000070ec00000, 0x000000070ec00000, 0x000000070ee00000|  0%| F|  |TAMS 0x000000070ec00000, 0x000000070ec00000| Untracked 
|  80|0x000000070ee00000, 0x000000070ee00000, 0x000000070f000000|  0%| F|  |TAMS 0x000000070ee00000, 0x000000070ee00000| Untracked 
|  81|0x000000070f000000, 0x000000070f000000, 0x000000070f200000|  0%| F|  |TAMS 0x000000070f000000, 0x000000070f000000| Untracked 
|  82|0x000000070f200000, 0x000000070f200000, 0x000000070f400000|  0%| F|  |TAMS 0x000000070f200000, 0x000000070f200000| Untracked 
|  83|0x000000070f400000, 0x000000070f400000, 0x000000070f600000|  0%| F|  |TAMS 0x000000070f400000, 0x000000070f400000| Untracked 
|  84|0x000000070f600000, 0x000000070f600000, 0x000000070f800000|  0%| F|  |TAMS 0x000000070f600000, 0x000000070f600000| Untracked 
|  85|0x000000070f800000, 0x000000070f800000, 0x000000070fa00000|  0%| F|  |TAMS 0x000000070f800000, 0x000000070f800000| Untracked 
|  86|0x000000070fa00000, 0x000000070fa00000, 0x000000070fc00000|  0%| F|  |TAMS 0x000000070fa00000, 0x000000070fa00000| Untracked 
|  87|0x000000070fc00000, 0x000000070fc00000, 0x000000070fe00000|  0%| F|  |TAMS 0x000000070fc00000, 0x000000070fc00000| Untracked 
|  88|0x000000070fe00000, 0x000000070fe00000, 0x0000000710000000|  0%| F|  |TAMS 0x000000070fe00000, 0x000000070fe00000| Untracked 
|  89|0x0000000710000000, 0x0000000710000000, 0x0000000710200000|  0%| F|  |TAMS 0x0000000710000000, 0x0000000710000000| Untracked 
|  90|0x0000000710200000, 0x0000000710200000, 0x0000000710400000|  0%| F|  |TAMS 0x0000000710200000, 0x0000000710200000| Untracked 
|  91|0x0000000710400000, 0x0000000710400000, 0x0000000710600000|  0%| F|  |TAMS 0x0000000710400000, 0x0000000710400000| Untracked 
|  92|0x0000000710600000, 0x0000000710600000, 0x0000000710800000|  0%| F|  |TAMS 0x0000000710600000, 0x0000000710600000| Untracked 
|  93|0x0000000710800000, 0x0000000710800000, 0x0000000710a00000|  0%| F|  |TAMS 0x0000000710800000, 0x0000000710800000| Untracked 
|  94|0x0000000710a00000, 0x0000000710a00000, 0x0000000710c00000|  0%| F|  |TAMS 0x0000000710a00000, 0x0000000710a00000| Untracked 
|  95|0x0000000710c00000, 0x0000000710c00000, 0x0000000710e00000|  0%| F|  |TAMS 0x0000000710c00000, 0x0000000710c00000| Untracked 
|  96|0x0000000710e00000, 0x0000000710e00000, 0x0000000711000000|  0%| F|  |TAMS 0x0000000710e00000, 0x0000000710e00000| Untracked 
|  97|0x0000000711000000, 0x0000000711000000, 0x0000000711200000|  0%| F|  |TAMS 0x0000000711000000, 0x0000000711000000| Untracked 
|  98|0x0000000711200000, 0x0000000711200000, 0x0000000711400000|  0%| F|  |TAMS 0x0000000711200000, 0x0000000711200000| Untracked 
|  99|0x0000000711400000, 0x0000000711400000, 0x0000000711600000|  0%| F|  |TAMS 0x0000000711400000, 0x0000000711400000| Untracked 
| 100|0x0000000711600000, 0x0000000711600000, 0x0000000711800000|  0%| F|  |TAMS 0x0000000711600000, 0x0000000711600000| Untracked 
| 101|0x0000000711800000, 0x0000000711800000, 0x0000000711a00000|  0%| F|  |TAMS 0x0000000711800000, 0x0000000711800000| Untracked 
| 102|0x0000000711a00000, 0x0000000711a00000, 0x0000000711c00000|  0%| F|  |TAMS 0x0000000711a00000, 0x0000000711a00000| Untracked 
| 103|0x0000000711c00000, 0x0000000711c00000, 0x0000000711e00000|  0%| F|  |TAMS 0x0000000711c00000, 0x0000000711c00000| Untracked 
| 104|0x0000000711e00000, 0x0000000711e00000, 0x0000000712000000|  0%| F|  |TAMS 0x0000000711e00000, 0x0000000711e00000| Untracked 
| 105|0x0000000712000000, 0x0000000712000000, 0x0000000712200000|  0%| F|  |TAMS 0x0000000712000000, 0x0000000712000000| Untracked 
| 106|0x0000000712200000, 0x0000000712200000, 0x0000000712400000|  0%| F|  |TAMS 0x0000000712200000, 0x0000000712200000| Untracked 
| 107|0x0000000712400000, 0x0000000712400000, 0x0000000712600000|  0%| F|  |TAMS 0x0000000712400000, 0x0000000712400000| Untracked 
| 108|0x0000000712600000, 0x0000000712600000, 0x0000000712800000|  0%| F|  |TAMS 0x0000000712600000, 0x0000000712600000| Untracked 
| 109|0x0000000712800000, 0x0000000712800000, 0x0000000712a00000|  0%| F|  |TAMS 0x0000000712800000, 0x0000000712800000| Untracked 
| 110|0x0000000712a00000, 0x0000000712a00000, 0x0000000712c00000|  0%| F|  |TAMS 0x0000000712a00000, 0x0000000712a00000| Untracked 
| 111|0x0000000712c00000, 0x0000000712c00000, 0x0000000712e00000|  0%| F|  |TAMS 0x0000000712c00000, 0x0000000712c00000| Untracked 
| 112|0x0000000712e00000, 0x0000000712e00000, 0x0000000713000000|  0%| F|  |TAMS 0x0000000712e00000, 0x0000000712e00000| Untracked 
| 113|0x0000000713000000, 0x00000007130bca70, 0x0000000713200000| 36%| S|CS|TAMS 0x0000000713000000, 0x0000000713000000| Complete 
| 114|0x0000000713200000, 0x0000000713400000, 0x0000000713400000|100%| S|CS|TAMS 0x0000000713200000, 0x0000000713200000| Complete 
| 115|0x0000000713400000, 0x0000000713400000, 0x0000000713600000|  0%| F|  |TAMS 0x0000000713400000, 0x0000000713400000| Untracked 
| 116|0x0000000713600000, 0x0000000713600000, 0x0000000713800000|  0%| F|  |TAMS 0x0000000713600000, 0x0000000713600000| Untracked 
| 117|0x0000000713800000, 0x0000000713903078, 0x0000000713a00000| 50%| E|  |TAMS 0x0000000713800000, 0x0000000713800000| Complete 
| 118|0x0000000713a00000, 0x0000000713c00000, 0x0000000713c00000|100%| E|CS|TAMS 0x0000000713a00000, 0x0000000713a00000| Complete 
| 119|0x0000000713c00000, 0x0000000713e00000, 0x0000000713e00000|100%| E|CS|TAMS 0x0000000713c00000, 0x0000000713c00000| Complete 
| 120|0x0000000713e00000, 0x0000000714000000, 0x0000000714000000|100%| E|CS|TAMS 0x0000000713e00000, 0x0000000713e00000| Complete 
| 121|0x0000000714000000, 0x0000000714200000, 0x0000000714200000|100%| E|CS|TAMS 0x0000000714000000, 0x0000000714000000| Complete 
| 122|0x0000000714200000, 0x0000000714400000, 0x0000000714400000|100%| E|CS|TAMS 0x0000000714200000, 0x0000000714200000| Complete 
| 123|0x0000000714400000, 0x0000000714600000, 0x0000000714600000|100%| E|CS|TAMS 0x0000000714400000, 0x0000000714400000| Complete 
| 124|0x0000000714600000, 0x0000000714800000, 0x0000000714800000|100%| E|CS|TAMS 0x0000000714600000, 0x0000000714600000| Complete 
| 125|0x0000000714800000, 0x0000000714a00000, 0x0000000714a00000|100%| E|CS|TAMS 0x0000000714800000, 0x0000000714800000| Complete 

Card table byte_map: [0x000001d09a3e0000,0x000001d09abc0000] _byte_map_base: 0x000001d096bb9000

Marking Bits (Prev, Next): (CMBitMap*) 0x000001d0808dbd60, (CMBitMap*) 0x000001d0808dbda0
 Prev Bits: [0x000001d09b3a0000, 0x000001d09f268000)
 Next Bits: [0x000001d09f270000, 0x000001d0a3138000)

Polling page: 0x000001d0822b0000

Metaspace:

Usage:
  Non-class:      4.62 MB used.
      Class:    284.31 KB used.
       Both:      4.90 MB used.

Virtual space:
  Non-class space:       64.00 MB reserved,       4.75 MB (  7%) committed,  1 nodes.
      Class space:        1.00 GB reserved,     384.00 KB ( <1%) committed,  1 nodes.
             Both:        1.06 GB reserved,       5.13 MB ( <1%) committed. 

Chunk freelists:
   Non-Class:  976.00 KB
       Class:  3.58 MB
        Both:  4.53 MB

MaxMetaspaceSize: unlimited
CompressedClassSpaceSize: 1.00 GB
Initial GC threshold: 21.00 MB
Current GC threshold: 21.00 MB
CDS: on
MetaspaceReclaimPolicy: balanced
 - commit_granule_bytes: 65536.
 - commit_granule_words: 8192.
 - virtual_space_node_default_size: 8388608.
 - enlarge_chunks_in_place: 1.
 - new_chunks_are_fully_committed: 0.
 - uncommit_free_chunks: 1.
 - use_allocation_guard: 0.


Internal statistics:

num_allocs_failed_limit: 0.
num_arena_births: 122.
num_arena_deaths: 0.
num_vsnodes_births: 2.
num_vsnodes_deaths: 0.
num_space_committed: 80.
num_space_uncommitted: 0.
num_chunks_returned_to_freelist: 0.
num_chunks_taken_from_freelist: 269.
num_chunk_merges: 0.
num_chunk_splits: 174.
num_chunks_enlarged: 117.
num_inconsistent_stats: 0.

CodeHeap 'non-profiled nmethods': size=120000Kb used=340Kb max_used=340Kb free=119660Kb
 bounds [0x000001d092180000, 0x000001d0923f0000, 0x000001d0996b0000]
CodeHeap 'profiled nmethods': size=120000Kb used=1286Kb max_used=1286Kb free=118713Kb
 bounds [0x000001d08ac50000, 0x000001d08aec0000, 0x000001d092180000]
CodeHeap 'non-nmethods': size=5760Kb used=1647Kb max_used=1667Kb free=4112Kb
 bounds [0x000001d08a6b0000, 0x000001d08a920000, 0x000001d08ac50000]
 total_blobs=1847 nmethods=857 adapters=903
 compilation: enabled
              stopped_count=0, restarted_count=0
 full_count=0

Compilation events (20 events):
Event: 1.605 Thread 0x000001d0a5d75b60  847       3       org.lwjgl.system.MemoryUtil::address (11 bytes)
Event: 1.605 Thread 0x000001d0a5d75b60 nmethod 847 0x000001d08ad8b910 code [0x000001d08ad8baa0, 0x000001d08ad8bb98]
Event: 1.623 Thread 0x000001d0a5d75b60  848       1       java.util.concurrent.atomic.AtomicLong::get (5 bytes)
Event: 1.623 Thread 0x000001d0a5d75b60 nmethod 848 0x000001d0921d4210 code [0x000001d0921d43a0, 0x000001d0921d4478]
Event: 1.658 Thread 0x000001d0a5d75180  849       4       java.nio.ByteOrder::nativeOrder (4 bytes)
Event: 1.658 Thread 0x000001d0a5d75b60  850       3       render.ShaderProgramKt::assign (16 bytes)
Event: 1.658 Thread 0x000001d0a5d75180 nmethod 849 0x000001d0921d4510 code [0x000001d0921d4680, 0x000001d0921d46d8]
Event: 1.659 Thread 0x000001d0a5d75b60 nmethod 850 0x000001d08ad8bc10 code [0x000001d08ad8be40, 0x000001d08ad8c4a8]
Event: 1.659 Thread 0x000001d0a5d75b60  851       3       org.lwjgl.opengl.GL20::glUniform1f (6 bytes)
Event: 1.659 Thread 0x000001d0a5d75b60 nmethod 851 0x000001d08ad8c790 code [0x000001d08ad8c920, 0x000001d08ad8ca48]
Event: 1.659 Thread 0x000001d0a5d75b60  852       3       org.lwjgl.opengl.GL20::glUseProgram (5 bytes)
Event: 1.659 Thread 0x000001d0a5d75b60 nmethod 852 0x000001d08ad8cb10 code [0x000001d08ad8cca0, 0x000001d08ad8cdc8]
Event: 1.780 Thread 0x000001d0a5d75b60  853 %     3       sound.FractalSoundChunkGen::generateNextChunk @ 112 (226 bytes)
Event: 1.782 Thread 0x000001d0a5d75b60 nmethod 853% 0x000001d08ad8ce90 code [0x000001d08ad8d180, 0x000001d08ad8e908]
Event: 1.874 Thread 0x000001d0a5d75b60  854       3       java.util.concurrent.atomic.AtomicLong::addAndGet (14 bytes)
Event: 1.875 Thread 0x000001d0a5d75b60 nmethod 854 0x000001d08ad8f510 code [0x000001d08ad8f6a0, 0x000001d08ad8f7b8]
Event: 1.889 Thread 0x000001d0a5d75b60  855       3       sound.FractalSoundChunkGen::generateNextChunk (226 bytes)
Event: 1.891 Thread 0x000001d0a5d75b60 nmethod 855 0x000001d08ad8f890 code [0x000001d08ad8fb80, 0x000001d08ad90d28]
Event: 2.024 Thread 0x000001d0a5d75b60  856       3       Render::access$getColorShader$p (4 bytes)
Event: 2.024 Thread 0x000001d0a5d75b60 nmethod 856 0x000001d08ad91790 code [0x000001d08ad91920, 0x000001d08ad91a18]

GC Heap History (2 events):
Event: 1.001 GC heap before
{Heap before GC invocations=0 (full 0):
 garbage-first heap   total 258048K, used 20480K [0x0000000704e00000, 0x0000000800000000)
  region size 2048K, 11 young (22528K), 0 survivors (0K)
 Metaspace       used 4991K, committed 5184K, reserved 1114112K
  class space    used 284K, committed 384K, reserved 1048576K
}
Event: 1.008 GC heap after
{Heap after GC invocations=1 (full 0):
 garbage-first heap   total 258048K, used 2802K [0x0000000704e00000, 0x0000000800000000)
  region size 2048K, 2 young (4096K), 2 survivors (4096K)
 Metaspace       used 4991K, committed 5184K, reserved 1114112K
  class space    used 284K, committed 384K, reserved 1048576K
}

Deoptimization events (20 events):
Event: 0.162 Thread 0x000001d082aeef00 DEOPT PACKING pc=0x000001d09218c5cc sp=0x00000074e47fd6f0
Event: 0.162 Thread 0x000001d082aeef00 DEOPT UNPACKING pc=0x000001d08a7023a3 sp=0x00000074e47fd6a0 mode 2
Event: 0.164 Thread 0x000001d082aeef00 Uncommon trap: trap_request=0xffffffde fr.pc=0x000001d09218c5cc relative=0x0000000000000b4c
Event: 0.164 Thread 0x000001d082aeef00 Uncommon trap: reason=class_check action=maybe_recompile pc=0x000001d09218c5cc method=java.util.HashMap.putVal(ILjava/lang/Object;Ljava/lang/Object;ZZ)Ljava/lang/Object; @ 152 c2
Event: 0.164 Thread 0x000001d082aeef00 DEOPT PACKING pc=0x000001d09218c5cc sp=0x00000074e47fded0
Event: 0.164 Thread 0x000001d082aeef00 DEOPT UNPACKING pc=0x000001d08a7023a3 sp=0x00000074e47fde80 mode 2
Event: 0.235 Thread 0x000001d082aeef00 DEOPT PACKING pc=0x000001d08ac7936a sp=0x00000074e47fb0d0
Event: 0.235 Thread 0x000001d082aeef00 DEOPT UNPACKING pc=0x000001d08a702b43 sp=0x00000074e47fa4f0 mode 0
Event: 0.255 Thread 0x000001d082aeef00 DEOPT PACKING pc=0x000001d08ac56955 sp=0x00000074e47fc010
Event: 0.255 Thread 0x000001d082aeef00 DEOPT UNPACKING pc=0x000001d08a702b43 sp=0x00000074e47fb488 mode 0
Event: 0.519 Thread 0x000001d082aeef00 Uncommon trap: trap_request=0xffffff54 fr.pc=0x000001d0921bb564 relative=0x0000000000000064
Event: 0.519 Thread 0x000001d082aeef00 Uncommon trap: reason=speculate_null_assert action=make_not_entrant pc=0x000001d0921bb564 method=sun.misc.Unsafe.getLong(Ljava/lang/Object;J)J @ 5 c2
Event: 0.519 Thread 0x000001d082aeef00 DEOPT PACKING pc=0x000001d0921bb564 sp=0x00000074e47fee00
Event: 0.519 Thread 0x000001d082aeef00 DEOPT UNPACKING pc=0x000001d08a7023a3 sp=0x00000074e47fed98 mode 2
Event: 0.594 Thread 0x000001d082aeef00 Uncommon trap: trap_request=0xffffffcc fr.pc=0x000001d0921c0c40 relative=0x0000000000000220
Event: 0.594 Thread 0x000001d082aeef00 Uncommon trap: reason=intrinsic_or_type_checked_inlining action=make_not_entrant pc=0x000001d0921c0c40 method=java.util.Arrays.copyOf([Ljava/lang/Object;ILjava/lang/Class;)[Ljava/lang/Object; @ 35 c2
Event: 0.594 Thread 0x000001d082aeef00 DEOPT PACKING pc=0x000001d0921c0c40 sp=0x00000074e47fe5f0
Event: 0.594 Thread 0x000001d082aeef00 DEOPT UNPACKING pc=0x000001d08a7023a3 sp=0x00000074e47fe5a8 mode 2
Event: 1.347 Thread 0x000001d0aabd78f0 DEOPT PACKING pc=0x000001d08ad7ea99 sp=0x00000074e65ff160
Event: 1.347 Thread 0x000001d0aabd78f0 DEOPT UNPACKING pc=0x000001d08a702b43 sp=0x00000074e65fe7a8 mode 0

Classes loaded (20 events):
Event: 0.593 Loading class render/Mesh2D$Companion
Event: 0.593 Loading class render/Mesh2D$Companion done
Event: 0.593 Loading class Render$mesh$1
Event: 0.593 Loading class Render$mesh$1 done
Event: 0.593 Loading class kotlin/jvm/functions/Function1
Event: 0.593 Loading class kotlin/jvm/functions/Function1 done
Event: 0.594 Loading class render/Mesh2D$Builder
Event: 0.594 Loading class render/Mesh2D$Builder done
Event: 0.594 Loading class render/Mesh2D$Builder$BuildScope
Event: 0.594 Loading class render/Mesh2D$Builder$BuildScope done
Event: 0.594 Loading class kotlin/Unit
Event: 0.594 Loading class kotlin/Unit done
Event: 0.594 Loading class Render$testLine$1
Event: 0.594 Loading class Render$testLine$1 done
Event: 0.619 Loading class Render$frame$1
Event: 0.619 Loading class Render$frame$1 done
Event: 0.620 Loading class render/ShaderProgramKt
Event: 0.620 Loading class render/ShaderProgramKt done
Event: 0.623 Loading class Render$frame$2
Event: 0.623 Loading class Render$frame$2 done

Classes unloaded (0 events):
No events

Classes redefined (0 events):
No events

Internal exceptions (20 events):
Event: 0.198 Thread 0x000001d082aeef00 Exception <a 'java/lang/NoSuchMethodError'{0x00000007145369f8}: 'void java.lang.invoke.DelegatingMethodHandle$Holder.delegate(java.lang.Object, java.lang.Object, int, java.lang.Object)'> (0x00000007145369f8) 
thrown [s\src\hotspot\share\interpreter\linkResolver.cpp, line 759]
Event: 0.199 Thread 0x000001d082aeef00 Exception <a 'java/lang/NoSuchMethodError'{0x000000071453a9e8}: 'int java.lang.invoke.DirectMethodHandle$Holder.invokeSpecial(java.lang.Object, java.lang.Object, java.lang.Object)'> (0x000000071453a9e8) 
thrown [s\src\hotspot\share\interpreter\linkResolver.cpp, line 759]
Event: 0.201 Thread 0x000001d082aeef00 Exception <a 'java/lang/NoSuchMethodError'{0x0000000714558380}: 'void java.lang.System.loadLibrary(java.lang.String, java.lang.Class)'> (0x0000000714558380) 
thrown [s\src\hotspot\share\interpreter\linkResolver.cpp, line 759]
Event: 0.228 Thread 0x000001d082aeef00 Exception <a 'sun/nio/fs/WindowsException'{0x0000000714240970}> (0x0000000714240970) 
thrown [s\src\hotspot\share\prims\jni.cpp, line 516]
Event: 0.228 Thread 0x000001d082aeef00 Exception <a 'sun/nio/fs/WindowsException'{0x0000000714241f98}> (0x0000000714241f98) 
thrown [s\src\hotspot\share\prims\jni.cpp, line 516]
Event: 0.241 Thread 0x000001d082aeef00 Exception <a 'java/lang/NoSuchMethodError'{0x00000007142b7b90}: 'int java.lang.invoke.DirectMethodHandle$Holder.invokeStaticInit(java.lang.Object, java.lang.Object, int, long)'> (0x00000007142b7b90) 
thrown [s\src\hotspot\share\interpreter\linkResolver.cpp, line 759]
Event: 0.241 Thread 0x000001d082aeef00 Exception <a 'java/lang/NoSuchMethodError'{0x00000007142bd458}: 'java.lang.Object java.lang.invoke.DirectMethodHandle$Holder.newInvokeSpecial(java.lang.Object, java.lang.Object, int)'> (0x00000007142bd458) 
thrown [s\src\hotspot\share\interpreter\linkResolver.cpp, line 759]
Event: 0.243 Thread 0x000001d082aeef00 Exception <a 'java/lang/NoSuchMethodError'{0x00000007142cd690}: 'int java.lang.invoke.DirectMethodHandle$Holder.invokeStaticInit(java.lang.Object, java.lang.Object, long, long)'> (0x00000007142cd690) 
thrown [s\src\hotspot\share\interpreter\linkResolver.cpp, line 759]
Event: 0.243 Thread 0x000001d082aeef00 Exception <a 'java/lang/NoSuchMethodError'{0x00000007142d37a0}: 'java.lang.Object java.lang.invoke.DirectMethodHandle$Holder.newInvokeSpecial(java.lang.Object, java.lang.Object, long)'> (0x00000007142d37a0) 
thrown [s\src\hotspot\share\interpreter\linkResolver.cpp, line 759]
Event: 0.243 Thread 0x000001d082aeef00 Exception <a 'java/lang/NoSuchMethodError'{0x00000007142d77f8}: 'java.lang.Object java.lang.invoke.Invokers$Holder.linkToTargetMethod(java.lang.Object, long, java.lang.Object)'> (0x00000007142d77f8) 
thrown [s\src\hotspot\share\interpreter\linkResolver.cpp, line 759]
Event: 0.244 Thread 0x000001d082aeef00 Exception <a 'java/lang/NoSuchMethodError'{0x00000007142deda0}: 'int java.lang.invoke.DirectMethodHandle$Holder.invokeStaticInit(java.lang.Object, java.lang.Object, java.lang.Object, long)'> (0x00000007142deda0) 
thrown [s\src\hotspot\share\interpreter\linkResolver.cpp, line 759]
Event: 0.265 Thread 0x000001d082aeef00 Exception <a 'sun/nio/fs/WindowsException'{0x000000071439de90}> (0x000000071439de90) 
thrown [s\src\hotspot\share\prims\jni.cpp, line 516]
Event: 0.265 Thread 0x000001d082aeef00 Exception <a 'sun/nio/fs/WindowsException'{0x000000071439e1f0}> (0x000000071439e1f0) 
thrown [s\src\hotspot\share\prims\jni.cpp, line 516]
Event: 0.270 Thread 0x000001d082aeef00 Exception <a 'java/lang/NoSuchMethodError'{0x00000007143b6000}: 'int java.lang.invoke.Invokers$Holder.invokeExact_MT(java.lang.Object, java.lang.Object)'> (0x00000007143b6000) 
thrown [s\src\hotspot\share\interpreter\linkResolver.cpp, line 759]
Event: 0.477 Thread 0x000001d082aeef00 Exception <a 'java/lang/NoSuchMethodError'{0x00000007140ef0c8}: 'void java.lang.System.load(java.lang.String, java.lang.Class)'> (0x00000007140ef0c8) 
thrown [s\src\hotspot\share\interpreter\linkResolver.cpp, line 759]
Event: 0.478 Thread 0x000001d082aeef00 Exception <a 'java/lang/NoSuchMethodError'{0x00000007140f20b0}: 'void java.lang.System.loadLibrary(java.lang.String, java.lang.Class)'> (0x00000007140f20b0) 
thrown [s\src\hotspot\share\interpreter\linkResolver.cpp, line 759]
Event: 0.482 Thread 0x000001d082aeef00 Exception <a 'sun/nio/fs/WindowsException'{0x0000000714173360}> (0x0000000714173360) 
thrown [s\src\hotspot\share\prims\jni.cpp, line 516]
Event: 0.482 Thread 0x000001d082aeef00 Exception <a 'sun/nio/fs/WindowsException'{0x0000000714173708}> (0x0000000714173708) 
thrown [s\src\hotspot\share\prims\jni.cpp, line 516]
Event: 0.485 Thread 0x000001d082aeef00 Exception <a 'sun/nio/fs/WindowsException'{0x000000071417ad48}> (0x000000071417ad48) 
thrown [s\src\hotspot\share\prims\jni.cpp, line 516]
Event: 0.485 Thread 0x000001d082aeef00 Exception <a 'sun/nio/fs/WindowsException'{0x000000071417b028}> (0x000000071417b028) 
thrown [s\src\hotspot\share\prims\jni.cpp, line 516]

VM Operations (10 events):
Event: 0.067 Executing VM operation: ChangeBreakpoints
Event: 0.068 Executing VM operation: ChangeBreakpoints done
Event: 0.136 Executing VM operation: ChangeBreakpoints
Event: 0.136 Executing VM operation: ChangeBreakpoints done
Event: 0.136 Executing VM operation: ChangeBreakpoints
Event: 0.137 Executing VM operation: ChangeBreakpoints done
Event: 1.001 Executing VM operation: G1CollectForAllocation
Event: 1.008 Executing VM operation: G1CollectForAllocation done
Event: 2.020 Executing VM operation: Cleanup
Event: 2.020 Executing VM operation: Cleanup done

Events (20 events):
Event: 0.033 Thread 0x000001d0a5d76540 Thread added: 0x000001d0a5d76540
Event: 0.051 Thread 0x000001d0aa093910 Thread added: 0x000001d0aa093910
Event: 0.066 Thread 0x000001d0aa10b400 Thread added: 0x000001d0aa10b400
Event: 0.066 Thread 0x000001d0aa11a8d0 Thread added: 0x000001d0aa11a8d0
Event: 0.067 Thread 0x000001d0aa11adb0 Thread added: 0x000001d0aa11adb0
Event: 0.139 Loaded shared library C:\Users\skhub\.jdks\corretto-18.0.2\bin\instrument.dll
Event: 0.147 Thread 0x000001d0aa1542f0 Thread added: 0x000001d0aa1542f0
Event: 0.156 Loaded shared library C:\Users\skhub\.jdks\corretto-18.0.2\bin\net.dll
Event: 0.156 Loaded shared library C:\Users\skhub\.jdks\corretto-18.0.2\bin\nio.dll
Event: 0.160 Loaded shared library C:\Users\skhub\.jdks\corretto-18.0.2\bin\zip.dll
Event: 0.207 Loaded shared library C:\Users\skhub\.jdks\corretto-18.0.2\bin\jimage.dll
Event: 0.229 Loaded shared library C:\Users\skhub\AppData\Local\Temp\lwjglskhub\3.3.1-build-7\lwjgl.dll
Event: 0.434 Loaded shared library C:\Users\skhub\.jdks\corretto-18.0.2\bin\jsound.dll
Event: 0.474 Thread 0x000001d0aabd78f0 Thread added: 0x000001d0aabd78f0
Event: 0.483 Loaded shared library C:\Users\skhub\AppData\Local\Temp\lwjglskhub\3.3.1-build-7\lwjgl_opengl.dll
Event: 0.496 Thread 0x000001d0b162cfa0 Thread added: 0x000001d0b162cfa0
Event: 0.540 Thread 0x000001d0b16a61e0 Thread added: 0x000001d0b16a61e0
Event: 0.725 Thread 0x000001d0b16a61e0 Thread exited: 0x000001d0b16a61e0
Event: 0.997 Thread 0x000001d0b1895a50 Thread added: 0x000001d0b1895a50
Event: 1.128 Thread 0x000001d0b1895a50 Thread exited: 0x000001d0b1895a50


Dynamic libraries:
0x00007ff61d180000 - 0x00007ff61d18d000 	C:\Users\skhub\.jdks\corretto-18.0.2\bin\java.exe
0x00007fff85690000 - 0x00007fff858a4000 	C:\WINDOWS\SYSTEM32\ntdll.dll
0x00007fff849c0000 - 0x00007fff84a83000 	C:\WINDOWS\System32\KERNEL32.DLL
0x00007fff82bd0000 - 0x00007fff82f6d000 	C:\WINDOWS\System32\KERNELBASE.dll
0x00007fff82ab0000 - 0x00007fff82bc1000 	C:\WINDOWS\System32\ucrtbase.dll
0x00007fff39340000 - 0x00007fff39357000 	C:\Users\skhub\.jdks\corretto-18.0.2\bin\jli.dll
0x00007fff39320000 - 0x00007fff39335000 	C:\Users\skhub\.jdks\corretto-18.0.2\bin\VCRUNTIME140.dll
0x00007fff839b0000 - 0x00007fff83b5d000 	C:\WINDOWS\System32\USER32.dll
0x00007fff83450000 - 0x00007fff83476000 	C:\WINDOWS\System32\win32u.dll
0x00007fff84ec0000 - 0x00007fff84ee9000 	C:\WINDOWS\System32\GDI32.dll
0x00007fff82f70000 - 0x00007fff83082000 	C:\WINDOWS\System32\gdi32full.dll
0x00007fff5c5f0000 - 0x00007fff5c87e000 	C:\WINDOWS\WinSxS\amd64_microsoft.windows.common-controls_6595b64144ccf1df_6.0.22621.608_none_a9444ca7c10bb01d\COMCTL32.dll
0x00007fff833b0000 - 0x00007fff8344a000 	C:\WINDOWS\System32\msvcp_win.dll
0x00007fff83660000 - 0x00007fff83707000 	C:\WINDOWS\System32\msvcrt.dll
0x00007fff85170000 - 0x00007fff851a2000 	C:\WINDOWS\System32\IMM32.DLL
0x00007fff2f970000 - 0x00007fff2fa0b000 	C:\Users\skhub\.jdks\corretto-18.0.2\bin\msvcp140.dll
0x00007fff199f0000 - 0x00007fff1a661000 	C:\Users\skhub\.jdks\corretto-18.0.2\bin\server\jvm.dll
0x00007fff83900000 - 0x00007fff839ae000 	C:\WINDOWS\System32\ADVAPI32.dll
0x00007fff83b60000 - 0x00007fff83c04000 	C:\WINDOWS\System32\sechost.dll
0x00007fff834d0000 - 0x00007fff835e5000 	C:\WINDOWS\System32\RPCRT4.dll
0x00007fff84d10000 - 0x00007fff84d18000 	C:\WINDOWS\System32\PSAPI.DLL
0x00007fff764a0000 - 0x00007fff764aa000 	C:\WINDOWS\SYSTEM32\VERSION.dll
0x00007fff4d000000 - 0x00007fff4d009000 	C:\WINDOWS\SYSTEM32\WSOCK32.dll
0x00007fff80590000 - 0x00007fff805c4000 	C:\WINDOWS\SYSTEM32\WINMM.dll
0x00007fff83c20000 - 0x00007fff83c91000 	C:\WINDOWS\System32\WS2_32.dll
0x00007fff81b70000 - 0x00007fff81b88000 	C:\WINDOWS\SYSTEM32\kernel.appcore.dll
0x00007fff5aea0000 - 0x00007fff5aeaa000 	C:\Users\skhub\.jdks\corretto-18.0.2\bin\jimage.dll
0x00007fff80330000 - 0x00007fff8055e000 	C:\WINDOWS\SYSTEM32\DBGHELP.DLL
0x00007fff83ca0000 - 0x00007fff8402a000 	C:\WINDOWS\System32\combase.dll
0x00007fff85070000 - 0x00007fff85147000 	C:\WINDOWS\System32\OLEAUT32.dll
0x00007fff802f0000 - 0x00007fff80322000 	C:\WINDOWS\SYSTEM32\dbgcore.DLL
0x00007fff83150000 - 0x00007fff831cb000 	C:\WINDOWS\System32\bcryptPrimitives.dll
0x00007fff58150000 - 0x00007fff5818a000 	C:\Users\skhub\.jdks\corretto-18.0.2\bin\jdwp.dll
0x00007fff77140000 - 0x00007fff7714e000 	C:\Users\skhub\.jdks\corretto-18.0.2\bin\instrument.dll
0x00007fff38bd0000 - 0x00007fff38bf5000 	C:\Users\skhub\.jdks\corretto-18.0.2\bin\java.dll
0x00007fff37720000 - 0x00007fff37738000 	C:\Users\skhub\.jdks\corretto-18.0.2\bin\zip.dll
0x00007fff2f890000 - 0x00007fff2f966000 	C:\Users\skhub\.jdks\corretto-18.0.2\bin\jsvml.dll
0x00007fff841d0000 - 0x00007fff849bf000 	C:\WINDOWS\System32\SHELL32.dll
0x00007fff80a90000 - 0x00007fff81358000 	C:\WINDOWS\SYSTEM32\windows.storage.dll
0x00007fff80950000 - 0x00007fff80a8e000 	C:\WINDOWS\SYSTEM32\wintypes.dll
0x00007fff83800000 - 0x00007fff838f1000 	C:\WINDOWS\System32\SHCORE.dll
0x00007fff84ef0000 - 0x00007fff84f4e000 	C:\WINDOWS\System32\shlwapi.dll
0x00007fff829e0000 - 0x00007fff82a01000 	C:\WINDOWS\SYSTEM32\profapi.dll
0x00007fff76af0000 - 0x00007fff76afc000 	C:\Users\skhub\.jdks\corretto-18.0.2\bin\dt_socket.dll
0x00007fff81620000 - 0x00007fff8164d000 	C:\WINDOWS\SYSTEM32\IPHLPAPI.DLL
0x00007fff82040000 - 0x00007fff820a9000 	C:\WINDOWS\system32\mswsock.dll
0x00007fff39060000 - 0x00007fff39073000 	C:\Users\skhub\.jdks\corretto-18.0.2\bin\net.dll
0x00007fff7a040000 - 0x00007fff7a16f000 	C:\WINDOWS\SYSTEM32\WINHTTP.dll
0x00007fff38b30000 - 0x00007fff38b45000 	C:\Users\skhub\.jdks\corretto-18.0.2\bin\nio.dll
0x00007fff3af30000 - 0x00007fff3afa5000 	C:\Users\skhub\AppData\Local\Temp\lwjglskhub\3.3.1-build-7\lwjgl.dll
0x00007fff4adb0000 - 0x00007fff4ae11000 	C:\Users\skhub\AppData\Local\Temp\lwjglskhub\3.3.1-build-7\glfw.dll
0x00007fff57080000 - 0x00007fff570c6000 	C:\WINDOWS\SYSTEM32\dinput8.dll
0x00007fff75bf0000 - 0x00007fff75c01000 	C:\WINDOWS\SYSTEM32\xinput1_4.dll
0x00007fff827a0000 - 0x00007fff827ee000 	C:\WINDOWS\SYSTEM32\cfgmgr32.dll
0x00007fff82760000 - 0x00007fff82793000 	C:\WINDOWS\SYSTEM32\DEVOBJ.dll
0x00007fff7cd60000 - 0x00007fff7cd8b000 	C:\WINDOWS\SYSTEM32\dwmapi.dll
0x00007fff5a6e0000 - 0x00007fff5a8e1000 	C:\WINDOWS\SYSTEM32\inputhost.dll
0x00007fff7c850000 - 0x00007fff7c983000 	C:\WINDOWS\SYSTEM32\CoreMessaging.dll
0x00007fff7cae0000 - 0x00007fff7cb8b000 	C:\WINDOWS\system32\uxtheme.dll
0x00007fff84d20000 - 0x00007fff84e3e000 	C:\WINDOWS\System32\MSCTF.dll
0x00007fff822b0000 - 0x00007fff822bc000 	C:\WINDOWS\SYSTEM32\CRYPTBASE.DLL
0x00007fff5b530000 - 0x00007fff5b630000 	C:\WINDOWS\SYSTEM32\opengl32.dll
0x00007fff77fe0000 - 0x00007fff7800d000 	C:\WINDOWS\SYSTEM32\GLU32.dll
0x00007fff7fd10000 - 0x00007fff7fd46000 	C:\WINDOWS\SYSTEM32\dxcore.dll
0x00007fff76170000 - 0x00007fff761b9000 	C:\WINDOWS\SYSTEM32\directxdatabasehelper.dll
0x00007fff84a90000 - 0x00007fff84b47000 	C:\WINDOWS\System32\clbcatq.dll
0x00007fff154e0000 - 0x00007fff1659c000 	C:\WINDOWS\System32\DriverStore\FileRepository\iigd_dch.inf_amd64_22025955949136f8\igxelpicd64.dll
0x00007fff84030000 - 0x00007fff841cc000 	C:\WINDOWS\System32\ole32.dll
0x00007fff7cc50000 - 0x00007fff7cd47000 	C:\WINDOWS\system32\dxgi.dll
0x00007fff35990000 - 0x00007fff35ab4000 	C:\WINDOWS\System32\DriverStore\FileRepository\iigd_dch.inf_amd64_22025955949136f8\igdml64.dll
0x00007fff71ac0000 - 0x00007fff71ecd000 	C:\WINDOWS\System32\DriverStore\FileRepository\iigd_dch.inf_amd64_22025955949136f8\igdgmm64.dll
0x00007fff831d0000 - 0x00007fff8323b000 	C:\WINDOWS\System32\WINTRUST.dll
0x00007fff83240000 - 0x00007fff833a6000 	C:\WINDOWS\System32\CRYPT32.dll
0x00007fff82310000 - 0x00007fff82322000 	C:\WINDOWS\SYSTEM32\MSASN1.dll
0x00007fff6e230000 - 0x00007fff71abe000 	C:\WINDOWS\System32\DriverStore\FileRepository\iigd_dch.inf_amd64_22025955949136f8\igc64.dll
0x00007fff81980000 - 0x00007fff819cd000 	C:\WINDOWS\SYSTEM32\powrprof.dll
0x00007fff81960000 - 0x00007fff81973000 	C:\WINDOWS\SYSTEM32\UMPDC.dll
0x00007fff566a0000 - 0x00007fff567cd000 	C:\WINDOWS\SYSTEM32\textinputframework.dll
0x00007fff748f0000 - 0x00007fff74c5c000 	C:\WINDOWS\SYSTEM32\CoreUIComponents.dll
0x00007fff42e00000 - 0x00007fff42e69000 	C:\WINDOWS\system32\Oleacc.dll
0x00007fff6cfb0000 - 0x00007fff6cfc1000 	C:\Users\skhub\.jdks\corretto-18.0.2\bin\jsound.dll
0x00007fff39f10000 - 0x00007fff39fb2000 	C:\WINDOWS\SYSTEM32\DSOUND.dll
0x00007fff6a2f0000 - 0x00007fff6a319000 	C:\WINDOWS\SYSTEM32\winmmbase.dll
0x00007fff38a70000 - 0x00007fff38b21000 	C:\WINDOWS\SYSTEM32\ResampleDmo.DLL
0x00007fff5ad40000 - 0x00007fff5ad4b000 	C:\WINDOWS\SYSTEM32\msdmo.dll
0x00007fff771b0000 - 0x00007fff7724d000 	C:\WINDOWS\System32\MMDevApi.dll
0x00007fff5a8f0000 - 0x00007fff5a936000 	C:\WINDOWS\SYSTEM32\wdmaud.drv
0x00007fff5c970000 - 0x00007fff5c979000 	C:\WINDOWS\SYSTEM32\ksuser.dll
0x00007fff78d40000 - 0x00007fff78d4b000 	C:\WINDOWS\SYSTEM32\AVRT.dll
0x00007fff58730000 - 0x00007fff58915000 	C:\WINDOWS\SYSTEM32\AUDIOSES.DLL
0x00007fff78b90000 - 0x00007fff78b9e000 	C:\WINDOWS\SYSTEM32\msacm32.drv
0x00007fff77fa0000 - 0x00007fff77fbe000 	C:\WINDOWS\SYSTEM32\MSACM32.dll
0x00007fff781f0000 - 0x00007fff781fb000 	C:\WINDOWS\SYSTEM32\midimap.dll
0x00007fff49480000 - 0x00007fff494dd000 	C:\Users\skhub\AppData\Local\Temp\lwjglskhub\3.3.1-build-7\lwjgl_opengl.dll
0x00007fff80090000 - 0x00007fff800a5000 	C:\WINDOWS\SYSTEM32\resourcepolicyclient.dll
0x00007fff56860000 - 0x00007fff569d4000 	C:\Windows\System32\Windows.UI.dll

dbghelp: loaded successfully - version: 4.0.5 - missing functions: none
symbol engine: initialized successfully - sym options: 0x614 - pdb path: .;C:\Users\skhub\.jdks\corretto-18.0.2\bin;C:\WINDOWS\SYSTEM32;C:\WINDOWS\WinSxS\amd64_microsoft.windows.common-controls_6595b64144ccf1df_6.0.22621.608_none_a9444ca7c10bb01d;C:\Users\skhub\.jdks\corretto-18.0.2\bin\server;C:\Users\skhub\AppData\Local\Temp\lwjglskhub\3.3.1-build-7;C:\WINDOWS\System32\DriverStore\FileRepository\iigd_dch.inf_amd64_22025955949136f8

VM Arguments:
jvm_args: -agentlib:jdwp=transport=dt_socket,address=127.0.0.1:54415,suspend=y,server=n -javaagent:C:\Users\skhub\AppData\Local\JetBrains\IdeaIC2022.3\captureAgent\debugger-agent.jar -Dfile.encoding=UTF-8 -Dsun.stdout.encoding=UTF-8 -Dsun.stderr.encoding=UTF-8 
java_command: MainKt
java_class_path (initial): C:\Users\skhub\IdeaProjects\lwjgl-test\target\classes;C:\Users\skhub\.m2\repository\org\jetbrains\kotlin\kotlin-stdlib-jdk8\1.7.21\kotlin-stdlib-jdk8-1.7.21.jar;C:\Users\skhub\.m2\repository\org\jetbrains\kotlin\kotlin-stdlib\1.7.21\kotlin-stdlib-1.7.21.jar;C:\Users\skhub\.m2\repository\org\jetbrains\kotlin\kotlin-stdlib-common\1.7.21\kotlin-stdlib-common-1.7.21.jar;C:\Users\skhub\.m2\repository\org\jetbrains\annotations\13.0\annotations-13.0.jar;C:\Users\skhub\.m2\repository\org\jetbrains\kotlin\kotlin-stdlib-jdk7\1.7.21\kotlin-stdlib-jdk7-1.7.21.jar;C:\Users\skhub\.m2\repository\org\lwjgl\lwjgl\3.3.1\lwjgl-3.3.1.jar;C:\Users\skhub\.m2\repository\org\lwjgl\lwjgl-assimp\3.3.1\lwjgl-assimp-3.3.1.jar;C:\Users\skhub\.m2\repository\org\lwjgl\lwjgl-glfw\3.3.1\lwjgl-glfw-3.3.1.jar;C:\Users\skhub\.m2\repository\org\lwjgl\lwjgl-openal\3.3.1\lwjgl-openal-3.3.1.jar;C:\Users\skhub\.m2\repository\org\lwjgl\lwjgl-opencl\3.3.1\lwjgl-opencl-3.3.1.jar;C:\Users\skhub\.m2\repository\org\lwjgl\lwjgl-opengl\3.3.1\lwjgl-opengl-3.3.1.jar;C:\Users\skhub\.m2\repository\org\lwjgl\lwjgl-openvr\3.3.1\lwjgl-openvr-3.3.1.jar;C:\Users\skhub\.m2\repository\org\lwjgl\lwjgl-stb\3.3.1\lwjgl-stb-3.3.1.jar;C:\Users\skhub\.m2\repository\org\lwjgl\lwjgl\3.3.1\lwjgl-3.3.1-natives-windows.jar;C:\Users\skhub\.m2\repository\org\lwjgl\lwjgl-assimp\3.3.1\lwjgl-assimp-3.3.1-natives-windows.jar;C:\Users\skhub\.m2\repository\org\lwjgl\lwjgl-glfw\3.3.1\lwjgl-glfw-3.3.1-natives-windows.jar;C:\Users\skhub\.m2\repository\org\lwjgl\lwjgl-openal\3.3.1\lwjgl-openal-3.3.1-natives-windows.jar;C:\Users\skhub\.m2\repository\org\lwjgl\lwjgl-opengl\3.3.1\lwjgl-opengl-3.3.1-natives-windows.jar;C:\Users\skhub\.m2\repository\org\lwjgl\lwjgl-openvr\3.3.1\lwjgl-openvr-3.3.1-natives-windows.jar;C:\Users\skhub\.m2\repository\org\lwjgl\lwjgl-stb\3.3.1\lwjgl-stb-3.3.1-natives-windows.jar;C:\Program Files\JetBrains\IntelliJ IDEA Community Edition 2022.3.1\lib\idea_rt.jar
Launcher Type: SUN_STANDARD

[Global flags]
     intx CICompilerCount                          = 4                                         {product} {ergonomic}
     uint ConcGCThreads                            = 3                                         {product} {ergonomic}
     uint G1ConcRefinementThreads                  = 10                                        {product} {ergonomic}
   size_t G1HeapRegionSize                         = 2097152                                   {product} {ergonomic}
    uintx GCDrainStackTargetSize                   = 64                                        {product} {ergonomic}
   size_t InitialHeapSize                          = 264241152                                 {product} {ergonomic}
   size_t MarkStackSize                            = 4194304                                   {product} {ergonomic}
   size_t MaxHeapSize                              = 4213178368                                {product} {ergonomic}
   size_t MaxNewSize                               = 2527068160                                {product} {ergonomic}
   size_t MinHeapDeltaBytes                        = 2097152                                   {product} {ergonomic}
   size_t MinHeapSize                              = 8388608                                   {product} {ergonomic}
    uintx NonNMethodCodeHeapSize                   = 5839372                                {pd product} {ergonomic}
    uintx NonProfiledCodeHeapSize                  = 122909434                              {pd product} {ergonomic}
    uintx ProfiledCodeHeapSize                     = 122909434                              {pd product} {ergonomic}
    uintx ReservedCodeCacheSize                    = 251658240                              {pd product} {ergonomic}
     bool SegmentedCodeCache                       = true                                      {product} {ergonomic}
   size_t SoftMaxHeapSize                          = 4213178368                             {manageable} {ergonomic}
     bool UseCompressedClassPointers               = true                           {product lp64_product} {ergonomic}
     bool UseCompressedOops                        = true                           {product lp64_product} {ergonomic}
     bool UseG1GC                                  = true                                      {product} {ergonomic}
     bool UseLargePagesIndividualAllocation        = false                                  {pd product} {ergonomic}

Logging:
Log output configuration:
 #0: stdout all=warning uptime,level,tags foldmultilines=false
 #1: stderr all=off uptime,level,tags foldmultilines=false

Environment Variables:
PATH=C:\Python311\Scripts\;C:\Python311\;C:\WINDOWS\system32;C:\WINDOWS;C:\WINDOWS\System32\Wbem;C:\WINDOWS\System32\WindowsPowerShell\v1.0\;C:\WINDOWS\System32\OpenSSH\;C:\Program Files\dotnet\;C:\Program Files\Git\cmd;C:\Program Files\nodejs\;C:\ProgramData\chocolatey\bin;C:\Users\skhub\AppData\Local\Android\Sdk\platform-tools;C:\Users\skhub\AppData\Local\Microsoft\WindowsApps;;C:\Users\skhub\AppData\Local\Programs\Microsoft VS Code\bin;C:\Users\skhub\AppData\Roaming\npm
USERNAME=skhub
OS=Windows_NT
PROCESSOR_IDENTIFIER=Intel64 Family 6 Model 154 Stepping 4, GenuineIntel



---------------  S Y S T E M  ---------------

OS:
 Windows 11 , 64 bit Build 22621 (10.0.22621.1105)
OS uptime: 5 days 19:29 hours
Hyper-V role detected

CPU: total 12 (initial active 12) (6 cores per cpu, 2 threads per core) family 6 model 154 stepping 4 microcode 0x423, cx8, cmov, fxsr, ht, mmx, 3dnowpref, sse, sse2, sse3, ssse3, sse4.1, sse4.2, popcnt, lzcnt, tsc, tscinvbit, avx, avx2, aes, erms, clmul, bmi1, bmi2, adx, sha, fma, vzeroupper, clflush, clflushopt, clwb, hv, serialize

Memory: 4k page, system-wide physical 16068M (3302M free)
TotalPageFile size 21491M (AvailPageFile size 4519M)
current process WorkingSet (physical memory assigned to process): 158M, peak: 159M
current process commit charge ("private bytes"): 405M, peak: 407M

vm_info: OpenJDK 64-Bit Server VM (18.0.2+9-FR) for windows-amd64 JRE (18.0.2+9-FR), built on Jul 15 2022 20:03:03 by "Administrator" with MS VC++ 15.9 (VS2017)

END.
