#
# A fatal error has been detected by the Java Runtime Environment:
#
#  EXCEPTION_ACCESS_VIOLATION (0xc0000005) at pc=0x00007fff15825ec0, pid=20772, tid=3124
#
# JRE version: OpenJDK Runtime Environment Corretto-18.0.2.9.1 (18.0.2+9) (build 18.0.2+9-FR)
# Java VM: OpenJDK 64-Bit Server VM Corretto-18.0.2.9.1 (18.0.2+9-FR, mixed mode, sharing, tiered, compressed oops, compressed class ptrs, g1 gc, windows-amd64)
# Problematic frame:
# C  [igxelpicd64.dll+0x35ec0]
#
# No core dump will be written. Minidumps are not enabled by default on client versions of Windows
#
# If you would like to submit a bug report, please visit:
#   https://github.com/corretto/corretto-18/issues/
# The crash happened outside the Java Virtual Machine in native code.
# See problematic frame for where to report the bug.
#

---------------  S U M M A R Y ------------

Command Line: -agentlib:jdwp=transport=dt_socket,address=127.0.0.1:54489,suspend=y,server=n -javaagent:C:\Users\skhub\AppData\Local\JetBrains\IdeaIC2022.3\captureAgent\debugger-agent.jar -Dfile.encoding=UTF-8 -Dsun.stdout.encoding=UTF-8 -Dsun.stderr.encoding=UTF-8 MainKt

Host: 12th Gen Intel(R) Core(TM) i7-1255U, 12 cores, 15G,  Windows 11 , 64 bit Build 22621 (10.0.22621.1105)
Time: Mon Jan 16 21:16:08 2023 Hora estándar del Este elapsed time: 2.348321 seconds (0d 0h 0m 2s)

---------------  T H R E A D  ---------------

Current thread (0x00000238cc159f80):  JavaThread "main" [_thread_in_native, id=3124, stack(0x00000064b9800000,0x00000064b9900000)]

Stack: [0x00000064b9800000,0x00000064b9900000],  sp=0x00000064b98b3900,  free space=718k
Native frames: (J=compiled Java code, j=interpreted, Vv=VM code, C=native code)
C  [igxelpicd64.dll+0x35ec0]

Java frames: (J=compiled Java code, j=interpreted, Vv=VM code)
j  org.lwjgl.opengl.GL11C.glDrawArrays(III)V+0
j  org.lwjgl.opengl.GL11.glDrawArrays(III)V+3
j  Render$frame$2.invoke()V+77
j  Render$frame$2.invoke()Ljava/lang/Object;+1
j  render.ShaderProgram.use(Lkotlin/jvm/functions/Function0;)V+14
j  Render.frame(D)V+96
j  GameEvents.frame(D)V+4
j  GameEvents.frame()V+7
j  Game.loop()V+19
j  Game.run()V+44
j  MainKt.main()V+3
j  MainKt.main([Ljava/lang/String;)V+0
v  ~StubRoutines::call_stub

siginfo: EXCEPTION_ACCESS_VIOLATION (0xc0000005), reading address 0x00000238f42c2000


Register to memory mapping:

RIP=0x00007fff15825ec0 igxelpicd64.dll
RAX=0x000000000000004c is an unknown value
RBX=0x0 is NULL
RCX=0x000000000000007d is an unknown value
RDX=0x00000238f42c1fa0 points into unknown readable memory: 0x0000000000000000 | 00 00 00 00 00 00 00 00
RSP=0x00000064b98b3900 is pointing into the stack for thread: 0x00000238cc159f80
RBP=0x00000064b98b3a30 is pointing into the stack for thread: 0x00000238cc159f80
RSI=0x00000238f3fd5300 points into unknown readable memory: 0x00000238f3cc8ac0 | c0 8a cc f3 38 02 00 00
RDI=0x00000238f6688920 points into unknown readable memory: 0x0000000000000000 | 00 00 00 00 00 00 00 00
R8 =0x0000000000003e80 is an unknown value
R9 =0x000000000000004d is an unknown value
R10=0x0 is NULL
R11=0x0000000000000008 is an unknown value
R12=0x00000238f4016101 points into unknown readable memory: 55 01 f4 38 02 00 00
R13=0x00000238f4072b70 points into unknown readable memory: 0x0000000000000000 | 00 00 00 00 00 00 00 00
R14=0x00000238f400b2a0 points into unknown readable memory: 0x0000000000000000 | 00 00 00 00 00 00 00 00
R15=0x00000238f4015558 points into unknown readable memory: 0x0000000003404411 | 11 44 40 03 00 00 00 00


Registers:
RAX=0x000000000000004c, RBX=0x0000000000000000, RCX=0x000000000000007d, RDX=0x00000238f42c1fa0
RSP=0x00000064b98b3900, RBP=0x00000064b98b3a30, RSI=0x00000238f3fd5300, RDI=0x00000238f6688920
R8 =0x0000000000003e80, R9 =0x000000000000004d, R10=0x0000000000000000, R11=0x0000000000000008
R12=0x00000238f4016101, R13=0x00000238f4072b70, R14=0x00000238f400b2a0, R15=0x00000238f4015558
RIP=0x00007fff15825ec0, EFLAGS=0x0000000000010207

Top of Stack: (sp=0x00000064b98b3900)
0x00000064b98b3900:   0000000000000000 0000000000000000
0x00000064b98b3910:   0000000000000000 0000000000000000
0x00000064b98b3920:   00000238f4000758 00007fff15815c69
0x00000064b98b3930:   0000000000000000 00000238f3fd5300
0x00000064b98b3940:   00000238f3fd5300 00000238f411e500
0x00000064b98b3950:   00000238f411e500 00000238f4015f80
0x00000064b98b3960:   00000238f4015f8c 00000238f4015f98
0x00000064b98b3970:   00000238f4015fa4 00000238f4015fb0
0x00000064b98b3980:   0000023800000001 0000000000000000
0x00000064b98b3990:   0000000000000000 0000000000000000
0x00000064b98b39a0:   0000023800000000 0000000000000000
0x00000064b98b39b0:   00000238fae60100 00000238f400081c
0x00000064b98b39c0:   00000238fadf4b10 000000000000003f
0x00000064b98b39d0:   00000238f6686320 00000238f411dff0
0x00000064b98b39e0:   00000238fae686d0 0000000000000000
0x00000064b98b39f0:   00000238f411dff0 0000023800003e80 

Instructions: (pc=0x00007fff15825ec0)
0x00007fff15825dc0:   40 57 48 83 ec 20 45 33 d2 48 8b f9 49 83 f8 10
0x00007fff15825dd0:   0f 82 ae 00 00 00 83 e1 0f 0f 85 df 01 00 00 8b
0x00007fff15825de0:   c1 45 8b ca 4c 2b c0 0f 29 74 24 10 49 8b c8 0f
0x00007fff15825df0:   29 3c 24 48 c1 e9 07 f6 c2 0f 0f 84 94 00 00 00
0x00007fff15825e00:   48 85 c9 74 6c 66 66 66 0f 1f 84 00 00 00 00 00
0x00007fff15825e10:   f3 0f 6f 02 41 ff c1 f3 0f 6f 4a 10 41 8b c1 f3
0x00007fff15825e20:   0f 6f 52 20 f3 0f 6f 5a 30 f3 0f 6f 62 40 f3 0f
0x00007fff15825e30:   6f 6a 50 f3 0f 6f 72 60 f3 0f 6f 7a 70 66 0f e7
0x00007fff15825e40:   07 66 0f e7 4f 10 66 0f e7 57 20 66 0f e7 5f 30
0x00007fff15825e50:   66 0f e7 67 40 66 0f e7 6f 50 66 0f e7 77 60 66
0x00007fff15825e60:   0f e7 7f 70 48 83 ef 80 48 83 ea 80 48 3b c1 72
0x00007fff15825e70:   9f 41 83 e0 7f 0f 85 0e 01 00 00 0f 28 74 24 10
0x00007fff15825e80:   0f 28 3c 24 41 83 e0 0f 0f 85 b0 00 00 00 48 83
0x00007fff15825e90:   c4 20 5f c3 48 85 c9 74 68 0f 1f 80 00 00 00 00
0x00007fff15825ea0:   f3 0f 6f 02 41 ff c1 f3 0f 6f 4a 10 f3 0f 6f 52
0x00007fff15825eb0:   20 f3 0f 6f 5a 30 f3 0f 6f 62 40 f3 0f 6f 6a 50
0x00007fff15825ec0:   f3 0f 6f 72 60 f3 0f 6f 7a 70 48 83 ea 80 66 0f
0x00007fff15825ed0:   e7 07 66 0f e7 4f 10 66 0f e7 57 20 66 0f e7 5f
0x00007fff15825ee0:   30 66 0f e7 67 40 66 0f e7 6f 50 66 0f e7 77 60
0x00007fff15825ef0:   66 0f e7 7f 70 48 83 ef 80 41 8b c1 48 3b c1 72
0x00007fff15825f00:   9f 41 83 e0 7f 0f 84 70 ff ff ff 45 8b c8 41 8b
0x00007fff15825f10:   ca 49 c1 e9 04 4d 85 c9 0f 84 5d ff ff ff 66 90
0x00007fff15825f20:   f3 0f 6f 02 ff c1 66 0f e7 07 48 83 c7 10 8b c1
0x00007fff15825f30:   48 83 c2 10 49 3b c1 72 e7 e9 3d ff ff ff 4d 8b
0x00007fff15825f40:   c8 41 8b ca 49 c1 e9 02 4d 85 c9 74 15 8b 02 ff
0x00007fff15825f50:   c1 89 07 48 83 c2 04 48 83 c7 04 8b c1 49 3b c1
0x00007fff15825f60:   72 eb 41 83 e0 03 0f 86 22 ff ff ff 48 2b d7 0f
0x00007fff15825f70:   b6 04 3a 41 ff c2 88 07 48 8d 7f 01 41 8b c2 49
0x00007fff15825f80:   3b c0 72 eb e9 05 ff ff ff 4d 8b c8 41 8b ca 49
0x00007fff15825f90:   c1 e9 04 4d 85 c9 0f 84 df fe ff ff 0f 1f 40 00
0x00007fff15825fa0:   f3 0f 6f 02 ff c1 48 83 c2 10 8b c1 66 0f e7 07
0x00007fff15825fb0:   48 83 c7 10 49 3b c1 72 e7 e9 bd fe ff ff 66 0f 


Stack slot to memory mapping:
stack at sp + 0 slots: 0x0 is NULL
stack at sp + 1 slots: 0x0 is NULL
stack at sp + 2 slots: 0x0 is NULL
stack at sp + 3 slots: 0x0 is NULL
stack at sp + 4 slots: 0x00000238f4000758 points into unknown readable memory: 0x0000000000000001 | 01 00 00 00 00 00 00 00
stack at sp + 5 slots: 0x00007fff15815c69 igxelpicd64.dll
stack at sp + 6 slots: 0x0 is NULL
stack at sp + 7 slots: 0x00000238f3fd5300 points into unknown readable memory: 0x00000238f3cc8ac0 | c0 8a cc f3 38 02 00 00


---------------  P R O C E S S  ---------------

Threads class SMR info:
_java_thread_list=0x00000238f39c85e0, length=17, elements={
0x00000238cc159f80, 0x00000238ef3c7440, 0x00000238ef3c7de0, 0x00000238ef3e3c90,
0x00000238ef3e4630, 0x00000238ef3e4fd0, 0x00000238ef3e5f80, 0x00000238ef3e6c50,
0x00000238ef3e9640, 0x00000238ef3eaf40, 0x00000238ef3b2be0, 0x00000238f38f7e10,
0x00000238f3913780, 0x00000238f3913c60, 0x00000238f39cb630, 0x00000238f43f1560,
0x00000238facf94b0
}

Java Threads: ( => current thread )
=>0x00000238cc159f80 JavaThread "main" [_thread_in_native, id=3124, stack(0x00000064b9800000,0x00000064b9900000)]
  0x00000238ef3c7440 JavaThread "Reference Handler" daemon [_thread_blocked, id=26452, stack(0x00000064b9f00000,0x00000064ba000000)]
  0x00000238ef3c7de0 JavaThread "Finalizer" daemon [_thread_blocked, id=30056, stack(0x00000064ba000000,0x00000064ba100000)]
  0x00000238ef3e3c90 JavaThread "Signal Dispatcher" daemon [_thread_blocked, id=28328, stack(0x00000064ba100000,0x00000064ba200000)]
  0x00000238ef3e4630 JavaThread "Attach Listener" daemon [_thread_blocked, id=1812, stack(0x00000064ba200000,0x00000064ba300000)]
  0x00000238ef3e4fd0 JavaThread "Service Thread" daemon [_thread_blocked, id=15344, stack(0x00000064ba300000,0x00000064ba400000)]
  0x00000238ef3e5f80 JavaThread "Monitor Deflation Thread" daemon [_thread_blocked, id=3128, stack(0x00000064ba400000,0x00000064ba500000)]
  0x00000238ef3e6c50 JavaThread "C2 CompilerThread0" daemon [_thread_blocked, id=19196, stack(0x00000064ba500000,0x00000064ba600000)]
  0x00000238ef3e9640 JavaThread "C1 CompilerThread0" daemon [_thread_blocked, id=8900, stack(0x00000064ba600000,0x00000064ba700000)]
  0x00000238ef3eaf40 JavaThread "Sweeper thread" daemon [_thread_blocked, id=25852, stack(0x00000064ba700000,0x00000064ba800000)]
  0x00000238ef3b2be0 JavaThread "Common-Cleaner" daemon [_thread_blocked, id=26612, stack(0x00000064ba800000,0x00000064ba900000)]
  0x00000238f38f7e10 JavaThread "JDWP Transport Listener: dt_socket" daemon [_thread_blocked, id=30848, stack(0x00000064ba900000,0x00000064baa00000)]
  0x00000238f3913780 JavaThread "JDWP Event Helper Thread" daemon [_thread_blocked, id=32896, stack(0x00000064baa00000,0x00000064bab00000)]
  0x00000238f3913c60 JavaThread "JDWP Command Reader" daemon [_thread_in_native, id=9240, stack(0x00000064bab00000,0x00000064bac00000)]
  0x00000238f39cb630 JavaThread "Notification Thread" daemon [_thread_blocked, id=6484, stack(0x00000064bac00000,0x00000064bad00000)]
  0x00000238f43f1560 JavaThread "Thread-0" [_thread_blocked, id=34368, stack(0x00000064bb600000,0x00000064bb700000)]
  0x00000238facf94b0 JavaThread "Java Sound Event Dispatcher" daemon [_thread_blocked, id=26416, stack(0x00000064bb700000,0x00000064bb800000)]

Other Threads:
  0x00000238cc1f56e0 VMThread "VM Thread" [stack: 0x00000064b9e00000,0x00000064b9f00000] [id=14984]
  0x00000238f39421a0 WatcherThread "VM Periodic Task Thread" [stack: 0x00000064bad00000,0x00000064bae00000] [id=22236]
  0x00000238cc1cc800 WorkerThread "GC Thread#0" [stack: 0x00000064b9900000,0x00000064b9a00000] [id=30896]
  0x00000238facf7f10 WorkerThread "GC Thread#1" [stack: 0x00000064bbc00000,0x00000064bbd00000] [id=22224]
  0x00000238facf7490 WorkerThread "GC Thread#2" [stack: 0x00000064bbd00000,0x00000064bbe00000] [id=29896]
  0x00000238facf64d0 WorkerThread "GC Thread#3" [stack: 0x00000064bbe00000,0x00000064bbf00000] [id=6256]
  0x00000238facf7c70 WorkerThread "GC Thread#4" [stack: 0x00000064bbf00000,0x00000064bc000000] [id=33100]
  0x00000238facf6770 WorkerThread "GC Thread#5" [stack: 0x00000064bc000000,0x00000064bc100000] [id=34256]
  0x00000238facf6f50 WorkerThread "GC Thread#6" [stack: 0x00000064bc100000,0x00000064bc200000] [id=32440]
  0x00000238facf81b0 WorkerThread "GC Thread#7" [stack: 0x00000064bc200000,0x00000064bc300000] [id=14632]
  0x00000238facf6a10 WorkerThread "GC Thread#8" [stack: 0x00000064bc300000,0x00000064bc400000] [id=34264]
  0x00000238facf71f0 WorkerThread "GC Thread#9" [stack: 0x00000064bc400000,0x00000064bc500000] [id=22412]
  0x00000238cc1dd240 ConcurrentGCThread "G1 Main Marker" [stack: 0x00000064b9a00000,0x00000064b9b00000] [id=12492]
  0x00000238cc1ddd90 WorkerThread "G1 Conc#0" [stack: 0x00000064b9b00000,0x00000064b9c00000] [id=28188]
  0x00000238cc21ecf0 ConcurrentGCThread "G1 Refine#0" [stack: 0x00000064b9c00000,0x00000064b9d00000] [id=16668]
  0x00000238ef282660 ConcurrentGCThread "G1 Service" [stack: 0x00000064b9d00000,0x00000064b9e00000] [id=30736]

Threads with active compile tasks:

VM state: not at safepoint (normal execution)

VM Mutex/Monitor currently owned by a thread: None

Heap address: 0x0000000704e00000, size: 4018 MB, Compressed Oops mode: Zero based, Oop shift amount: 3

CDS archive(s) mapped at: [0x0000000800000000-0x0000000800ba0000-0x0000000800ba0000), size 12189696, SharedBaseAddress: 0x0000000800000000, ArchiveRelocationMode: 0.
Compressed class space mapped at: 0x0000000800c00000-0x0000000840c00000, reserved size: 1073741824
Narrow klass base: 0x0000000800000000, Narrow klass shift: 0, Narrow klass range: 0x100000000

GC Precious Log:
 CardTable entry size: 512
 Card Set container configuration: InlinePtr #cards 4 size 8 Array Of Cards #cards 16 size 48 Howl #buckets 8 coarsen threshold 3686 Howl Bitmap #cards 512 size 80 coarsen threshold 460 Card regions per heap region 1 cards per card region 4096
 CPUs: 12 total, 12 available
 Memory: 16068M
 Large Page Support: Disabled
 NUMA Support: Disabled
 Compressed Oops: Enabled (Zero based)
 Heap Region Size: 2M
 Heap Min Capacity: 8M
 Heap Initial Capacity: 252M
 Heap Max Capacity: 4018M
 Pre-touch: Disabled
 Parallel Workers: 10
 Concurrent Workers: 3
 Concurrent Refinement Workers: 10
 Periodic GC: Disabled

Heap:
 garbage-first heap   total 258048K, used 21173K [0x0000000704e00000, 0x0000000800000000)
  region size 2048K, 12 young (24576K), 2 survivors (4096K)
 Metaspace       used 5013K, committed 5184K, reserved 1114112K
  class space    used 285K, committed 384K, reserved 1048576K

Heap Regions: E=young(eden), S=young(survivor), O=old, HS=humongous(starts), HC=humongous(continues), CS=collection set, F=free, OA=open archive, CA=closed archive, TAMS=top-at-mark-start (previous, next)
|   0|0x0000000704e00000, 0x0000000704e00000, 0x0000000705000000|  0%| F|  |TAMS 0x0000000704e00000, 0x0000000704e00000| Untracked 
|   1|0x0000000705000000, 0x0000000705000000, 0x0000000705200000|  0%| F|  |TAMS 0x0000000705000000, 0x0000000705000000| Untracked 
|   2|0x0000000705200000, 0x0000000705200000, 0x0000000705400000|  0%| F|  |TAMS 0x0000000705200000, 0x0000000705200000| Untracked 
|   3|0x0000000705400000, 0x0000000705400000, 0x0000000705600000|  0%| F|  |TAMS 0x0000000705400000, 0x0000000705400000| Untracked 
|   4|0x0000000705600000, 0x0000000705600000, 0x0000000705800000|  0%| F|  |TAMS 0x0000000705600000, 0x0000000705600000| Untracked 
|   5|0x0000000705800000, 0x0000000705800000, 0x0000000705a00000|  0%| F|  |TAMS 0x0000000705800000, 0x0000000705800000| Untracked 
|   6|0x0000000705a00000, 0x0000000705a00000, 0x0000000705c00000|  0%| F|  |TAMS 0x0000000705a00000, 0x0000000705a00000| Untracked 
|   7|0x0000000705c00000, 0x0000000705c00000, 0x0000000705e00000|  0%| F|  |TAMS 0x0000000705c00000, 0x0000000705c00000| Untracked 
|   8|0x0000000705e00000, 0x0000000705e00000, 0x0000000706000000|  0%| F|  |TAMS 0x0000000705e00000, 0x0000000705e00000| Untracked 
|   9|0x0000000706000000, 0x0000000706000000, 0x0000000706200000|  0%| F|  |TAMS 0x0000000706000000, 0x0000000706000000| Untracked 
|  10|0x0000000706200000, 0x0000000706200000, 0x0000000706400000|  0%| F|  |TAMS 0x0000000706200000, 0x0000000706200000| Untracked 
|  11|0x0000000706400000, 0x0000000706400000, 0x0000000706600000|  0%| F|  |TAMS 0x0000000706400000, 0x0000000706400000| Untracked 
|  12|0x0000000706600000, 0x0000000706600000, 0x0000000706800000|  0%| F|  |TAMS 0x0000000706600000, 0x0000000706600000| Untracked 
|  13|0x0000000706800000, 0x0000000706800000, 0x0000000706a00000|  0%| F|  |TAMS 0x0000000706800000, 0x0000000706800000| Untracked 
|  14|0x0000000706a00000, 0x0000000706a00000, 0x0000000706c00000|  0%| F|  |TAMS 0x0000000706a00000, 0x0000000706a00000| Untracked 
|  15|0x0000000706c00000, 0x0000000706c00000, 0x0000000706e00000|  0%| F|  |TAMS 0x0000000706c00000, 0x0000000706c00000| Untracked 
|  16|0x0000000706e00000, 0x0000000706e00000, 0x0000000707000000|  0%| F|  |TAMS 0x0000000706e00000, 0x0000000706e00000| Untracked 
|  17|0x0000000707000000, 0x0000000707000000, 0x0000000707200000|  0%| F|  |TAMS 0x0000000707000000, 0x0000000707000000| Untracked 
|  18|0x0000000707200000, 0x0000000707200000, 0x0000000707400000|  0%| F|  |TAMS 0x0000000707200000, 0x0000000707200000| Untracked 
|  19|0x0000000707400000, 0x0000000707400000, 0x0000000707600000|  0%| F|  |TAMS 0x0000000707400000, 0x0000000707400000| Untracked 
|  20|0x0000000707600000, 0x0000000707600000, 0x0000000707800000|  0%| F|  |TAMS 0x0000000707600000, 0x0000000707600000| Untracked 
|  21|0x0000000707800000, 0x0000000707800000, 0x0000000707a00000|  0%| F|  |TAMS 0x0000000707800000, 0x0000000707800000| Untracked 
|  22|0x0000000707a00000, 0x0000000707a00000, 0x0000000707c00000|  0%| F|  |TAMS 0x0000000707a00000, 0x0000000707a00000| Untracked 
|  23|0x0000000707c00000, 0x0000000707c00000, 0x0000000707e00000|  0%| F|  |TAMS 0x0000000707c00000, 0x0000000707c00000| Untracked 
|  24|0x0000000707e00000, 0x0000000707e00000, 0x0000000708000000|  0%| F|  |TAMS 0x0000000707e00000, 0x0000000707e00000| Untracked 
|  25|0x0000000708000000, 0x0000000708000000, 0x0000000708200000|  0%| F|  |TAMS 0x0000000708000000, 0x0000000708000000| Untracked 
|  26|0x0000000708200000, 0x0000000708200000, 0x0000000708400000|  0%| F|  |TAMS 0x0000000708200000, 0x0000000708200000| Untracked 
|  27|0x0000000708400000, 0x0000000708400000, 0x0000000708600000|  0%| F|  |TAMS 0x0000000708400000, 0x0000000708400000| Untracked 
|  28|0x0000000708600000, 0x0000000708600000, 0x0000000708800000|  0%| F|  |TAMS 0x0000000708600000, 0x0000000708600000| Untracked 
|  29|0x0000000708800000, 0x0000000708800000, 0x0000000708a00000|  0%| F|  |TAMS 0x0000000708800000, 0x0000000708800000| Untracked 
|  30|0x0000000708a00000, 0x0000000708a00000, 0x0000000708c00000|  0%| F|  |TAMS 0x0000000708a00000, 0x0000000708a00000| Untracked 
|  31|0x0000000708c00000, 0x0000000708c00000, 0x0000000708e00000|  0%| F|  |TAMS 0x0000000708c00000, 0x0000000708c00000| Untracked 
|  32|0x0000000708e00000, 0x0000000708e00000, 0x0000000709000000|  0%| F|  |TAMS 0x0000000708e00000, 0x0000000708e00000| Untracked 
|  33|0x0000000709000000, 0x0000000709000000, 0x0000000709200000|  0%| F|  |TAMS 0x0000000709000000, 0x0000000709000000| Untracked 
|  34|0x0000000709200000, 0x0000000709200000, 0x0000000709400000|  0%| F|  |TAMS 0x0000000709200000, 0x0000000709200000| Untracked 
|  35|0x0000000709400000, 0x0000000709400000, 0x0000000709600000|  0%| F|  |TAMS 0x0000000709400000, 0x0000000709400000| Untracked 
|  36|0x0000000709600000, 0x0000000709600000, 0x0000000709800000|  0%| F|  |TAMS 0x0000000709600000, 0x0000000709600000| Untracked 
|  37|0x0000000709800000, 0x0000000709800000, 0x0000000709a00000|  0%| F|  |TAMS 0x0000000709800000, 0x0000000709800000| Untracked 
|  38|0x0000000709a00000, 0x0000000709a00000, 0x0000000709c00000|  0%| F|  |TAMS 0x0000000709a00000, 0x0000000709a00000| Untracked 
|  39|0x0000000709c00000, 0x0000000709c00000, 0x0000000709e00000|  0%| F|  |TAMS 0x0000000709c00000, 0x0000000709c00000| Untracked 
|  40|0x0000000709e00000, 0x0000000709e00000, 0x000000070a000000|  0%| F|  |TAMS 0x0000000709e00000, 0x0000000709e00000| Untracked 
|  41|0x000000070a000000, 0x000000070a000000, 0x000000070a200000|  0%| F|  |TAMS 0x000000070a000000, 0x000000070a000000| Untracked 
|  42|0x000000070a200000, 0x000000070a200000, 0x000000070a400000|  0%| F|  |TAMS 0x000000070a200000, 0x000000070a200000| Untracked 
|  43|0x000000070a400000, 0x000000070a400000, 0x000000070a600000|  0%| F|  |TAMS 0x000000070a400000, 0x000000070a400000| Untracked 
|  44|0x000000070a600000, 0x000000070a600000, 0x000000070a800000|  0%| F|  |TAMS 0x000000070a600000, 0x000000070a600000| Untracked 
|  45|0x000000070a800000, 0x000000070a800000, 0x000000070aa00000|  0%| F|  |TAMS 0x000000070a800000, 0x000000070a800000| Untracked 
|  46|0x000000070aa00000, 0x000000070aa00000, 0x000000070ac00000|  0%| F|  |TAMS 0x000000070aa00000, 0x000000070aa00000| Untracked 
|  47|0x000000070ac00000, 0x000000070ac00000, 0x000000070ae00000|  0%| F|  |TAMS 0x000000070ac00000, 0x000000070ac00000| Untracked 
|  48|0x000000070ae00000, 0x000000070ae00000, 0x000000070b000000|  0%| F|  |TAMS 0x000000070ae00000, 0x000000070ae00000| Untracked 
|  49|0x000000070b000000, 0x000000070b000000, 0x000000070b200000|  0%| F|  |TAMS 0x000000070b000000, 0x000000070b000000| Untracked 
|  50|0x000000070b200000, 0x000000070b200000, 0x000000070b400000|  0%| F|  |TAMS 0x000000070b200000, 0x000000070b200000| Untracked 
|  51|0x000000070b400000, 0x000000070b400000, 0x000000070b600000|  0%| F|  |TAMS 0x000000070b400000, 0x000000070b400000| Untracked 
|  52|0x000000070b600000, 0x000000070b600000, 0x000000070b800000|  0%| F|  |TAMS 0x000000070b600000, 0x000000070b600000| Untracked 
|  53|0x000000070b800000, 0x000000070b800000, 0x000000070ba00000|  0%| F|  |TAMS 0x000000070b800000, 0x000000070b800000| Untracked 
|  54|0x000000070ba00000, 0x000000070ba00000, 0x000000070bc00000|  0%| F|  |TAMS 0x000000070ba00000, 0x000000070ba00000| Untracked 
|  55|0x000000070bc00000, 0x000000070bc00000, 0x000000070be00000|  0%| F|  |TAMS 0x000000070bc00000, 0x000000070bc00000| Untracked 
|  56|0x000000070be00000, 0x000000070be00000, 0x000000070c000000|  0%| F|  |TAMS 0x000000070be00000, 0x000000070be00000| Untracked 
|  57|0x000000070c000000, 0x000000070c000000, 0x000000070c200000|  0%| F|  |TAMS 0x000000070c000000, 0x000000070c000000| Untracked 
|  58|0x000000070c200000, 0x000000070c200000, 0x000000070c400000|  0%| F|  |TAMS 0x000000070c200000, 0x000000070c200000| Untracked 
|  59|0x000000070c400000, 0x000000070c400000, 0x000000070c600000|  0%| F|  |TAMS 0x000000070c400000, 0x000000070c400000| Untracked 
|  60|0x000000070c600000, 0x000000070c600000, 0x000000070c800000|  0%| F|  |TAMS 0x000000070c600000, 0x000000070c600000| Untracked 
|  61|0x000000070c800000, 0x000000070c800000, 0x000000070ca00000|  0%| F|  |TAMS 0x000000070c800000, 0x000000070c800000| Untracked 
|  62|0x000000070ca00000, 0x000000070ca00000, 0x000000070cc00000|  0%| F|  |TAMS 0x000000070ca00000, 0x000000070ca00000| Untracked 
|  63|0x000000070cc00000, 0x000000070cc00000, 0x000000070ce00000|  0%| F|  |TAMS 0x000000070cc00000, 0x000000070cc00000| Untracked 
|  64|0x000000070ce00000, 0x000000070ce00000, 0x000000070d000000|  0%| F|  |TAMS 0x000000070ce00000, 0x000000070ce00000| Untracked 
|  65|0x000000070d000000, 0x000000070d000000, 0x000000070d200000|  0%| F|  |TAMS 0x000000070d000000, 0x000000070d000000| Untracked 
|  66|0x000000070d200000, 0x000000070d200000, 0x000000070d400000|  0%| F|  |TAMS 0x000000070d200000, 0x000000070d200000| Untracked 
|  67|0x000000070d400000, 0x000000070d400000, 0x000000070d600000|  0%| F|  |TAMS 0x000000070d400000, 0x000000070d400000| Untracked 
|  68|0x000000070d600000, 0x000000070d600000, 0x000000070d800000|  0%| F|  |TAMS 0x000000070d600000, 0x000000070d600000| Untracked 
|  69|0x000000070d800000, 0x000000070d800000, 0x000000070da00000|  0%| F|  |TAMS 0x000000070d800000, 0x000000070d800000| Untracked 
|  70|0x000000070da00000, 0x000000070da00000, 0x000000070dc00000|  0%| F|  |TAMS 0x000000070da00000, 0x000000070da00000| Untracked 
|  71|0x000000070dc00000, 0x000000070dc00000, 0x000000070de00000|  0%| F|  |TAMS 0x000000070dc00000, 0x000000070dc00000| Untracked 
|  72|0x000000070de00000, 0x000000070de00000, 0x000000070e000000|  0%| F|  |TAMS 0x000000070de00000, 0x000000070de00000| Untracked 
|  73|0x000000070e000000, 0x000000070e000000, 0x000000070e200000|  0%| F|  |TAMS 0x000000070e000000, 0x000000070e000000| Untracked 
|  74|0x000000070e200000, 0x000000070e200000, 0x000000070e400000|  0%| F|  |TAMS 0x000000070e200000, 0x000000070e200000| Untracked 
|  75|0x000000070e400000, 0x000000070e400000, 0x000000070e600000|  0%| F|  |TAMS 0x000000070e400000, 0x000000070e400000| Untracked 
|  76|0x000000070e600000, 0x000000070e600000, 0x000000070e800000|  0%| F|  |TAMS 0x000000070e600000, 0x000000070e600000| Untracked 
|  77|0x000000070e800000, 0x000000070e800000, 0x000000070ea00000|  0%| F|  |TAMS 0x000000070e800000, 0x000000070e800000| Untracked 
|  78|0x000000070ea00000, 0x000000070ea00000, 0x000000070ec00000|  0%| F|  |TAMS 0x000000070ea00000, 0x000000070ea00000| Untracked 
|  79|0x000000070ec00000, 0x000000070ec00000, 0x000000070ee00000|  0%| F|  |TAMS 0x000000070ec00000, 0x000000070ec00000| Untracked 
|  80|0x000000070ee00000, 0x000000070ee00000, 0x000000070f000000|  0%| F|  |TAMS 0x000000070ee00000, 0x000000070ee00000| Untracked 
|  81|0x000000070f000000, 0x000000070f000000, 0x000000070f200000|  0%| F|  |TAMS 0x000000070f000000, 0x000000070f000000| Untracked 
|  82|0x000000070f200000, 0x000000070f200000, 0x000000070f400000|  0%| F|  |TAMS 0x000000070f200000, 0x000000070f200000| Untracked 
|  83|0x000000070f400000, 0x000000070f400000, 0x000000070f600000|  0%| F|  |TAMS 0x000000070f400000, 0x000000070f400000| Untracked 
|  84|0x000000070f600000, 0x000000070f600000, 0x000000070f800000|  0%| F|  |TAMS 0x000000070f600000, 0x000000070f600000| Untracked 
|  85|0x000000070f800000, 0x000000070f800000, 0x000000070fa00000|  0%| F|  |TAMS 0x000000070f800000, 0x000000070f800000| Untracked 
|  86|0x000000070fa00000, 0x000000070fa00000, 0x000000070fc00000|  0%| F|  |TAMS 0x000000070fa00000, 0x000000070fa00000| Untracked 
|  87|0x000000070fc00000, 0x000000070fc00000, 0x000000070fe00000|  0%| F|  |TAMS 0x000000070fc00000, 0x000000070fc00000| Untracked 
|  88|0x000000070fe00000, 0x000000070fe00000, 0x0000000710000000|  0%| F|  |TAMS 0x000000070fe00000, 0x000000070fe00000| Untracked 
|  89|0x0000000710000000, 0x0000000710000000, 0x0000000710200000|  0%| F|  |TAMS 0x0000000710000000, 0x0000000710000000| Untracked 
|  90|0x0000000710200000, 0x0000000710200000, 0x0000000710400000|  0%| F|  |TAMS 0x0000000710200000, 0x0000000710200000| Untracked 
|  91|0x0000000710400000, 0x0000000710400000, 0x0000000710600000|  0%| F|  |TAMS 0x0000000710400000, 0x0000000710400000| Untracked 
|  92|0x0000000710600000, 0x0000000710600000, 0x0000000710800000|  0%| F|  |TAMS 0x0000000710600000, 0x0000000710600000| Untracked 
|  93|0x0000000710800000, 0x0000000710800000, 0x0000000710a00000|  0%| F|  |TAMS 0x0000000710800000, 0x0000000710800000| Untracked 
|  94|0x0000000710a00000, 0x0000000710a00000, 0x0000000710c00000|  0%| F|  |TAMS 0x0000000710a00000, 0x0000000710a00000| Untracked 
|  95|0x0000000710c00000, 0x0000000710c00000, 0x0000000710e00000|  0%| F|  |TAMS 0x0000000710c00000, 0x0000000710c00000| Untracked 
|  96|0x0000000710e00000, 0x0000000710e00000, 0x0000000711000000|  0%| F|  |TAMS 0x0000000710e00000, 0x0000000710e00000| Untracked 
|  97|0x0000000711000000, 0x0000000711000000, 0x0000000711200000|  0%| F|  |TAMS 0x0000000711000000, 0x0000000711000000| Untracked 
|  98|0x0000000711200000, 0x0000000711200000, 0x0000000711400000|  0%| F|  |TAMS 0x0000000711200000, 0x0000000711200000| Untracked 
|  99|0x0000000711400000, 0x0000000711400000, 0x0000000711600000|  0%| F|  |TAMS 0x0000000711400000, 0x0000000711400000| Untracked 
| 100|0x0000000711600000, 0x0000000711600000, 0x0000000711800000|  0%| F|  |TAMS 0x0000000711600000, 0x0000000711600000| Untracked 
| 101|0x0000000711800000, 0x0000000711800000, 0x0000000711a00000|  0%| F|  |TAMS 0x0000000711800000, 0x0000000711800000| Untracked 
| 102|0x0000000711a00000, 0x0000000711a00000, 0x0000000711c00000|  0%| F|  |TAMS 0x0000000711a00000, 0x0000000711a00000| Untracked 
| 103|0x0000000711c00000, 0x0000000711c00000, 0x0000000711e00000|  0%| F|  |TAMS 0x0000000711c00000, 0x0000000711c00000| Untracked 
| 104|0x0000000711e00000, 0x0000000711e00000, 0x0000000712000000|  0%| F|  |TAMS 0x0000000711e00000, 0x0000000711e00000| Untracked 
| 105|0x0000000712000000, 0x0000000712000000, 0x0000000712200000|  0%| F|  |TAMS 0x0000000712000000, 0x0000000712000000| Untracked 
| 106|0x0000000712200000, 0x0000000712200000, 0x0000000712400000|  0%| F|  |TAMS 0x0000000712200000, 0x0000000712200000| Untracked 
| 107|0x0000000712400000, 0x0000000712400000, 0x0000000712600000|  0%| F|  |TAMS 0x0000000712400000, 0x0000000712400000| Untracked 
| 108|0x0000000712600000, 0x0000000712600000, 0x0000000712800000|  0%| F|  |TAMS 0x0000000712600000, 0x0000000712600000| Untracked 
| 109|0x0000000712800000, 0x0000000712800000, 0x0000000712a00000|  0%| F|  |TAMS 0x0000000712800000, 0x0000000712800000| Untracked 
| 110|0x0000000712a00000, 0x0000000712a00000, 0x0000000712c00000|  0%| F|  |TAMS 0x0000000712a00000, 0x0000000712a00000| Untracked 
| 111|0x0000000712c00000, 0x0000000712c00000, 0x0000000712e00000|  0%| F|  |TAMS 0x0000000712c00000, 0x0000000712c00000| Untracked 
| 112|0x0000000712e00000, 0x0000000712e00000, 0x0000000713000000|  0%| F|  |TAMS 0x0000000712e00000, 0x0000000712e00000| Untracked 
| 113|0x0000000713000000, 0x00000007130ad510, 0x0000000713200000| 33%| S|CS|TAMS 0x0000000713000000, 0x0000000713000000| Complete 
| 114|0x0000000713200000, 0x0000000713400000, 0x0000000713400000|100%| S|CS|TAMS 0x0000000713200000, 0x0000000713200000| Complete 
| 115|0x0000000713400000, 0x0000000713400000, 0x0000000713600000|  0%| F|  |TAMS 0x0000000713400000, 0x0000000713400000| Untracked 
| 116|0x0000000713600000, 0x000000071367fd70, 0x0000000713800000| 24%| E|  |TAMS 0x0000000713600000, 0x0000000713600000| Complete 
| 117|0x0000000713800000, 0x0000000713a00000, 0x0000000713a00000|100%| E|CS|TAMS 0x0000000713800000, 0x0000000713800000| Complete 
| 118|0x0000000713a00000, 0x0000000713c00000, 0x0000000713c00000|100%| E|CS|TAMS 0x0000000713a00000, 0x0000000713a00000| Complete 
| 119|0x0000000713c00000, 0x0000000713e00000, 0x0000000713e00000|100%| E|CS|TAMS 0x0000000713c00000, 0x0000000713c00000| Complete 
| 120|0x0000000713e00000, 0x0000000714000000, 0x0000000714000000|100%| E|CS|TAMS 0x0000000713e00000, 0x0000000713e00000| Complete 
| 121|0x0000000714000000, 0x0000000714200000, 0x0000000714200000|100%| E|CS|TAMS 0x0000000714000000, 0x0000000714000000| Complete 
| 122|0x0000000714200000, 0x0000000714400000, 0x0000000714400000|100%| E|CS|TAMS 0x0000000714200000, 0x0000000714200000| Complete 
| 123|0x0000000714400000, 0x0000000714600000, 0x0000000714600000|100%| E|CS|TAMS 0x0000000714400000, 0x0000000714400000| Complete 
| 124|0x0000000714600000, 0x0000000714800000, 0x0000000714800000|100%| E|CS|TAMS 0x0000000714600000, 0x0000000714600000| Complete 
| 125|0x0000000714800000, 0x0000000714a00000, 0x0000000714a00000|100%| E|CS|TAMS 0x0000000714800000, 0x0000000714800000| Complete 

Card table byte_map: [0x00000238e3a50000,0x00000238e4230000] _byte_map_base: 0x00000238e0229000

Marking Bits (Prev, Next): (CMBitMap*) 0x00000238cc1cce00, (CMBitMap*) 0x00000238cc1cce40
 Prev Bits: [0x00000238e4a10000, 0x00000238e88d8000)
 Next Bits: [0x00000238e88e0000, 0x00000238ec7a8000)

Polling page: 0x00000238ca130000

Metaspace:

Usage:
  Non-class:      4.62 MB used.
      Class:    285.78 KB used.
       Both:      4.90 MB used.

Virtual space:
  Non-class space:       64.00 MB reserved,       4.69 MB (  7%) committed,  1 nodes.
      Class space:        1.00 GB reserved,     384.00 KB ( <1%) committed,  1 nodes.
             Both:        1.06 GB reserved,       5.06 MB ( <1%) committed. 

Chunk freelists:
   Non-Class:  976.00 KB
       Class:  3.58 MB
        Both:  4.53 MB

MaxMetaspaceSize: unlimited
CompressedClassSpaceSize: 1.00 GB
Initial GC threshold: 21.00 MB
Current GC threshold: 21.00 MB
CDS: on
MetaspaceReclaimPolicy: balanced
 - commit_granule_bytes: 65536.
 - commit_granule_words: 8192.
 - virtual_space_node_default_size: 8388608.
 - enlarge_chunks_in_place: 1.
 - new_chunks_are_fully_committed: 0.
 - uncommit_free_chunks: 1.
 - use_allocation_guard: 0.


Internal statistics:

num_allocs_failed_limit: 0.
num_arena_births: 122.
num_arena_deaths: 0.
num_vsnodes_births: 2.
num_vsnodes_deaths: 0.
num_space_committed: 79.
num_space_uncommitted: 0.
num_chunks_returned_to_freelist: 0.
num_chunks_taken_from_freelist: 264.
num_chunk_merges: 0.
num_chunk_splits: 175.
num_chunks_enlarged: 119.
num_inconsistent_stats: 0.

CodeHeap 'non-profiled nmethods': size=120000Kb used=341Kb max_used=341Kb free=119658Kb
 bounds [0x00000238db7f0000, 0x00000238dba60000, 0x00000238e2d20000]
CodeHeap 'profiled nmethods': size=120000Kb used=1243Kb max_used=1243Kb free=118756Kb
 bounds [0x00000238d42c0000, 0x00000238d4530000, 0x00000238db7f0000]
CodeHeap 'non-nmethods': size=5760Kb used=1647Kb max_used=1667Kb free=4112Kb
 bounds [0x00000238d3d20000, 0x00000238d3f90000, 0x00000238d42c0000]
 total_blobs=1838 nmethods=848 adapters=903
 compilation: enabled
              stopped_count=0, restarted_count=0
 full_count=0

Compilation events (20 events):
Event: 1.607 Thread 0x00000238ef3e9640  837       1       java.util.concurrent.atomic.AtomicLong::get (5 bytes)
Event: 1.607 Thread 0x00000238ef3e9640 nmethod 837 0x00000238db843510 code [0x00000238db8436a0, 0x00000238db843778]
Event: 1.638 Thread 0x00000238ef3e9640  838       3       render.ShaderProgramKt::assign (16 bytes)
Event: 1.639 Thread 0x00000238ef3e9640 nmethod 838 0x00000238d43f1110 code [0x00000238d43f1340, 0x00000238d43f19a8]
Event: 1.639 Thread 0x00000238ef3e9640  839       3       org.lwjgl.opengl.GL20::glUniform1f (6 bytes)
Event: 1.639 Thread 0x00000238ef3e9640 nmethod 839 0x00000238d43f1c90 code [0x00000238d43f1e20, 0x00000238d43f1f48]
Event: 1.690 Thread 0x00000238ef3e9640  840 %     3       sound.FractalSoundChunkGen::generateNextChunk @ 112 (226 bytes)
Event: 1.691 Thread 0x00000238ef3e9640 nmethod 840% 0x00000238d43f2010 code [0x00000238d43f2300, 0x00000238d43f3a88]
Event: 1.799 Thread 0x00000238ef3e9640  841       3       sound.FractalSoundChunkGen::generateNextChunk (226 bytes)
Event: 1.801 Thread 0x00000238ef3e9640 nmethod 841 0x00000238d43f4690 code [0x00000238d43f4980, 0x00000238d43f5b28]
Event: 2.006 Thread 0x00000238ef3e9640  842       3       Render::access$getColorShader$p (4 bytes)
Event: 2.006 Thread 0x00000238ef3e9640 nmethod 842 0x00000238d43f6590 code [0x00000238d43f6720, 0x00000238d43f6818]
Event: 2.022 Thread 0x00000238ef3e9640  843       3       java.util.concurrent.atomic.AtomicLong::addAndGet (14 bytes)
Event: 2.023 Thread 0x00000238ef3e9640 nmethod 843 0x00000238d43f6890 code [0x00000238d43f6a20, 0x00000238d43f6b38]
Event: 2.156 Thread 0x00000238ef3e6c50  844 %     4       render.Mesh2D::applyAttrib @ 33 (124 bytes)
Event: 2.165 Thread 0x00000238ef3e6c50 nmethod 844% 0x00000238db843810 code [0x00000238db8439c0, 0x00000238db843fc8]
Event: 2.172 Thread 0x00000238ef3e9640  846       3       org.lwjgl.opengl.GL20::glUseProgram (5 bytes)
Event: 2.172 Thread 0x00000238ef3e9640 nmethod 846 0x00000238d43f6c10 code [0x00000238d43f6da0, 0x00000238d43f6ec8]
Event: 2.289 Thread 0x00000238ef3e6c50  848       4       render.Mesh2D::applyAttrib (124 bytes)
Event: 2.295 Thread 0x00000238ef3e6c50 nmethod 848 0x00000238db844c10 code [0x00000238db844de0, 0x00000238db8451a0]

GC Heap History (2 events):
Event: 0.900 GC heap before
{Heap before GC invocations=0 (full 0):
 garbage-first heap   total 258048K, used 20480K [0x0000000704e00000, 0x0000000800000000)
  region size 2048K, 11 young (22528K), 0 survivors (0K)
 Metaspace       used 4986K, committed 5184K, reserved 1114112K
  class space    used 285K, committed 384K, reserved 1048576K
}
Event: 0.903 GC heap after
{Heap after GC invocations=1 (full 0):
 garbage-first heap   total 258048K, used 2741K [0x0000000704e00000, 0x0000000800000000)
  region size 2048K, 2 young (4096K), 2 survivors (4096K)
 Metaspace       used 4986K, committed 5184K, reserved 1114112K
  class space    used 285K, committed 384K, reserved 1048576K
}

Deoptimization events (20 events):
Event: 0.224 Thread 0x00000238cc159f80 DEOPT PACKING pc=0x00000238d42e50ea sp=0x00000064b98fb320
Event: 0.224 Thread 0x00000238cc159f80 DEOPT UNPACKING pc=0x00000238d3d72b43 sp=0x00000064b98fa740 mode 0
Event: 0.243 Thread 0x00000238cc159f80 DEOPT PACKING pc=0x00000238d42c5b55 sp=0x00000064b98fc260
Event: 0.243 Thread 0x00000238cc159f80 DEOPT UNPACKING pc=0x00000238d3d72b43 sp=0x00000064b98fb6d8 mode 0
Event: 0.497 Thread 0x00000238cc159f80 Uncommon trap: trap_request=0xffffff54 fr.pc=0x00000238db8290e4 relative=0x0000000000000064
Event: 0.497 Thread 0x00000238cc159f80 Uncommon trap: reason=speculate_null_assert action=make_not_entrant pc=0x00000238db8290e4 method=sun.misc.Unsafe.getLong(Ljava/lang/Object;J)J @ 5 c2
Event: 0.497 Thread 0x00000238cc159f80 DEOPT PACKING pc=0x00000238db8290e4 sp=0x00000064b98ff050
Event: 0.497 Thread 0x00000238cc159f80 DEOPT UNPACKING pc=0x00000238d3d723a3 sp=0x00000064b98fefe8 mode 2
Event: 0.546 Thread 0x00000238cc159f80 Uncommon trap: trap_request=0xffffff54 fr.pc=0x00000238db829aec relative=0x000000000000006c
Event: 0.546 Thread 0x00000238cc159f80 Uncommon trap: reason=speculate_null_assert action=make_not_entrant pc=0x00000238db829aec method=sun.misc.Unsafe.putLong(Ljava/lang/Object;JJ)V @ 7 c2
Event: 0.546 Thread 0x00000238cc159f80 DEOPT PACKING pc=0x00000238db829aec sp=0x00000064b98fe560
Event: 0.546 Thread 0x00000238cc159f80 DEOPT UNPACKING pc=0x00000238d3d723a3 sp=0x00000064b98fe4f8 mode 2
Event: 0.579 Thread 0x00000238cc159f80 Uncommon trap: trap_request=0xffffffcc fr.pc=0x00000238db82fe40 relative=0x0000000000000220
Event: 0.579 Thread 0x00000238cc159f80 Uncommon trap: reason=intrinsic_or_type_checked_inlining action=make_not_entrant pc=0x00000238db82fe40 method=java.util.Arrays.copyOf([Ljava/lang/Object;ILjava/lang/Class;)[Ljava/lang/Object; @ 35 c2
Event: 0.579 Thread 0x00000238cc159f80 DEOPT PACKING pc=0x00000238db82fe40 sp=0x00000064b98fe840
Event: 0.579 Thread 0x00000238cc159f80 DEOPT UNPACKING pc=0x00000238d3d723a3 sp=0x00000064b98fe7f8 mode 2
Event: 1.255 Thread 0x00000238f43f1560 DEOPT PACKING pc=0x00000238d43da8a6 sp=0x00000064bb6ff380
Event: 1.255 Thread 0x00000238f43f1560 DEOPT UNPACKING pc=0x00000238d3d72b43 sp=0x00000064bb6fe9b8 mode 0
Event: 2.289 Thread 0x00000238cc159f80 DEOPT PACKING pc=0x00000238d43f0325 sp=0x00000064b98ff250
Event: 2.289 Thread 0x00000238cc159f80 DEOPT UNPACKING pc=0x00000238d3d72b43 sp=0x00000064b98fe7a8 mode 0

Classes loaded (20 events):
Event: 0.577 Loading class render/Mesh2D$Companion
Event: 0.577 Loading class render/Mesh2D$Companion done
Event: 0.578 Loading class Render$mesh$1
Event: 0.578 Loading class Render$mesh$1 done
Event: 0.578 Loading class kotlin/jvm/functions/Function1
Event: 0.578 Loading class kotlin/jvm/functions/Function1 done
Event: 0.578 Loading class render/Mesh2D$Builder
Event: 0.578 Loading class render/Mesh2D$Builder done
Event: 0.579 Loading class render/Mesh2D$Builder$BuildScope
Event: 0.579 Loading class render/Mesh2D$Builder$BuildScope done
Event: 0.579 Loading class kotlin/Unit
Event: 0.579 Loading class kotlin/Unit done
Event: 0.580 Loading class Render$testLine$1
Event: 0.580 Loading class Render$testLine$1 done
Event: 0.603 Loading class Render$frame$1
Event: 0.603 Loading class Render$frame$1 done
Event: 0.604 Loading class render/ShaderProgramKt
Event: 0.604 Loading class render/ShaderProgramKt done
Event: 0.605 Loading class Render$frame$2
Event: 0.605 Loading class Render$frame$2 done

Classes unloaded (0 events):
No events

Classes redefined (0 events):
No events

Internal exceptions (20 events):
Event: 0.191 Thread 0x00000238cc159f80 Exception <a 'java/lang/NoSuchMethodError'{0x00000007145369f8}: 'void java.lang.invoke.DelegatingMethodHandle$Holder.delegate(java.lang.Object, java.lang.Object, int, java.lang.Object)'> (0x00000007145369f8) 
thrown [s\src\hotspot\share\interpreter\linkResolver.cpp, line 759]
Event: 0.191 Thread 0x00000238cc159f80 Exception <a 'java/lang/NoSuchMethodError'{0x000000071453a9e8}: 'int java.lang.invoke.DirectMethodHandle$Holder.invokeSpecial(java.lang.Object, java.lang.Object, java.lang.Object)'> (0x000000071453a9e8) 
thrown [s\src\hotspot\share\interpreter\linkResolver.cpp, line 759]
Event: 0.194 Thread 0x00000238cc159f80 Exception <a 'java/lang/NoSuchMethodError'{0x0000000714558380}: 'void java.lang.System.loadLibrary(java.lang.String, java.lang.Class)'> (0x0000000714558380) 
thrown [s\src\hotspot\share\interpreter\linkResolver.cpp, line 759]
Event: 0.216 Thread 0x00000238cc159f80 Exception <a 'sun/nio/fs/WindowsException'{0x0000000714240970}> (0x0000000714240970) 
thrown [s\src\hotspot\share\prims\jni.cpp, line 516]
Event: 0.217 Thread 0x00000238cc159f80 Exception <a 'sun/nio/fs/WindowsException'{0x0000000714241f98}> (0x0000000714241f98) 
thrown [s\src\hotspot\share\prims\jni.cpp, line 516]
Event: 0.230 Thread 0x00000238cc159f80 Exception <a 'java/lang/NoSuchMethodError'{0x00000007142b7c00}: 'int java.lang.invoke.DirectMethodHandle$Holder.invokeStaticInit(java.lang.Object, java.lang.Object, int, long)'> (0x00000007142b7c00) 
thrown [s\src\hotspot\share\interpreter\linkResolver.cpp, line 759]
Event: 0.231 Thread 0x00000238cc159f80 Exception <a 'java/lang/NoSuchMethodError'{0x00000007142bd4c8}: 'java.lang.Object java.lang.invoke.DirectMethodHandle$Holder.newInvokeSpecial(java.lang.Object, java.lang.Object, int)'> (0x00000007142bd4c8) 
thrown [s\src\hotspot\share\interpreter\linkResolver.cpp, line 759]
Event: 0.233 Thread 0x00000238cc159f80 Exception <a 'java/lang/NoSuchMethodError'{0x00000007142cd700}: 'int java.lang.invoke.DirectMethodHandle$Holder.invokeStaticInit(java.lang.Object, java.lang.Object, long, long)'> (0x00000007142cd700) 
thrown [s\src\hotspot\share\interpreter\linkResolver.cpp, line 759]
Event: 0.234 Thread 0x00000238cc159f80 Exception <a 'java/lang/NoSuchMethodError'{0x00000007142d3810}: 'java.lang.Object java.lang.invoke.DirectMethodHandle$Holder.newInvokeSpecial(java.lang.Object, java.lang.Object, long)'> (0x00000007142d3810) 
thrown [s\src\hotspot\share\interpreter\linkResolver.cpp, line 759]
Event: 0.235 Thread 0x00000238cc159f80 Exception <a 'java/lang/NoSuchMethodError'{0x00000007142d7868}: 'java.lang.Object java.lang.invoke.Invokers$Holder.linkToTargetMethod(java.lang.Object, long, java.lang.Object)'> (0x00000007142d7868) 
thrown [s\src\hotspot\share\interpreter\linkResolver.cpp, line 759]
Event: 0.235 Thread 0x00000238cc159f80 Exception <a 'java/lang/NoSuchMethodError'{0x00000007142dee10}: 'int java.lang.invoke.DirectMethodHandle$Holder.invokeStaticInit(java.lang.Object, java.lang.Object, java.lang.Object, long)'> (0x00000007142dee10) 
thrown [s\src\hotspot\share\interpreter\linkResolver.cpp, line 759]
Event: 0.252 Thread 0x00000238cc159f80 Exception <a 'sun/nio/fs/WindowsException'{0x000000071439de30}> (0x000000071439de30) 
thrown [s\src\hotspot\share\prims\jni.cpp, line 516]
Event: 0.252 Thread 0x00000238cc159f80 Exception <a 'sun/nio/fs/WindowsException'{0x000000071439e190}> (0x000000071439e190) 
thrown [s\src\hotspot\share\prims\jni.cpp, line 516]
Event: 0.257 Thread 0x00000238cc159f80 Exception <a 'java/lang/NoSuchMethodError'{0x00000007143b5fa0}: 'int java.lang.invoke.Invokers$Holder.invokeExact_MT(java.lang.Object, java.lang.Object)'> (0x00000007143b5fa0) 
thrown [s\src\hotspot\share\interpreter\linkResolver.cpp, line 759]
Event: 0.455 Thread 0x00000238cc159f80 Exception <a 'java/lang/NoSuchMethodError'{0x00000007140ef0c8}: 'void java.lang.System.load(java.lang.String, java.lang.Class)'> (0x00000007140ef0c8) 
thrown [s\src\hotspot\share\interpreter\linkResolver.cpp, line 759]
Event: 0.456 Thread 0x00000238cc159f80 Exception <a 'java/lang/NoSuchMethodError'{0x00000007140f1f58}: 'void java.lang.System.loadLibrary(java.lang.String, java.lang.Class)'> (0x00000007140f1f58) 
thrown [s\src\hotspot\share\interpreter\linkResolver.cpp, line 759]
Event: 0.460 Thread 0x00000238cc159f80 Exception <a 'sun/nio/fs/WindowsException'{0x0000000714173230}> (0x0000000714173230) 
thrown [s\src\hotspot\share\prims\jni.cpp, line 516]
Event: 0.460 Thread 0x00000238cc159f80 Exception <a 'sun/nio/fs/WindowsException'{0x00000007141735d8}> (0x00000007141735d8) 
thrown [s\src\hotspot\share\prims\jni.cpp, line 516]
Event: 0.462 Thread 0x00000238cc159f80 Exception <a 'sun/nio/fs/WindowsException'{0x000000071417ac18}> (0x000000071417ac18) 
thrown [s\src\hotspot\share\prims\jni.cpp, line 516]
Event: 0.462 Thread 0x00000238cc159f80 Exception <a 'sun/nio/fs/WindowsException'{0x000000071417aef8}> (0x000000071417aef8) 
thrown [s\src\hotspot\share\prims\jni.cpp, line 516]

VM Operations (10 events):
Event: 0.072 Executing VM operation: ChangeBreakpoints
Event: 0.072 Executing VM operation: ChangeBreakpoints done
Event: 0.127 Executing VM operation: ChangeBreakpoints
Event: 0.127 Executing VM operation: ChangeBreakpoints done
Event: 0.128 Executing VM operation: ChangeBreakpoints
Event: 0.128 Executing VM operation: ChangeBreakpoints done
Event: 0.900 Executing VM operation: G1CollectForAllocation
Event: 0.904 Executing VM operation: G1CollectForAllocation done
Event: 1.909 Executing VM operation: Cleanup
Event: 1.909 Executing VM operation: Cleanup done

Events (20 events):
Event: 0.035 Thread 0x00000238ef3eaf40 Thread added: 0x00000238ef3eaf40
Event: 0.058 Thread 0x00000238ef3b2be0 Thread added: 0x00000238ef3b2be0
Event: 0.071 Thread 0x00000238f38f7e10 Thread added: 0x00000238f38f7e10
Event: 0.072 Thread 0x00000238f3913780 Thread added: 0x00000238f3913780
Event: 0.072 Thread 0x00000238f3913c60 Thread added: 0x00000238f3913c60
Event: 0.130 Loaded shared library C:\Users\skhub\.jdks\corretto-18.0.2\bin\instrument.dll
Event: 0.139 Thread 0x00000238f39cb630 Thread added: 0x00000238f39cb630
Event: 0.148 Loaded shared library C:\Users\skhub\.jdks\corretto-18.0.2\bin\net.dll
Event: 0.149 Loaded shared library C:\Users\skhub\.jdks\corretto-18.0.2\bin\nio.dll
Event: 0.152 Loaded shared library C:\Users\skhub\.jdks\corretto-18.0.2\bin\zip.dll
Event: 0.199 Loaded shared library C:\Users\skhub\.jdks\corretto-18.0.2\bin\jimage.dll
Event: 0.217 Loaded shared library C:\Users\skhub\AppData\Local\Temp\lwjglskhub\3.3.1-build-7\lwjgl.dll
Event: 0.415 Loaded shared library C:\Users\skhub\.jdks\corretto-18.0.2\bin\jsound.dll
Event: 0.453 Thread 0x00000238f43f1560 Thread added: 0x00000238f43f1560
Event: 0.461 Loaded shared library C:\Users\skhub\AppData\Local\Temp\lwjglskhub\3.3.1-build-7\lwjgl_opengl.dll
Event: 0.476 Thread 0x00000238facf94b0 Thread added: 0x00000238facf94b0
Event: 0.496 Thread 0x00000238fad456e0 Thread added: 0x00000238fad456e0
Event: 0.706 Thread 0x00000238fad456e0 Thread exited: 0x00000238fad456e0
Event: 0.896 Thread 0x00000238fae6c490 Thread added: 0x00000238fae6c490
Event: 1.123 Thread 0x00000238fae6c490 Thread exited: 0x00000238fae6c490


Dynamic libraries:
0x00007ff61d180000 - 0x00007ff61d18d000 	C:\Users\skhub\.jdks\corretto-18.0.2\bin\java.exe
0x00007fff85690000 - 0x00007fff858a4000 	C:\WINDOWS\SYSTEM32\ntdll.dll
0x00007fff849c0000 - 0x00007fff84a83000 	C:\WINDOWS\System32\KERNEL32.DLL
0x00007fff82bd0000 - 0x00007fff82f6d000 	C:\WINDOWS\System32\KERNELBASE.dll
0x00007fff82ab0000 - 0x00007fff82bc1000 	C:\WINDOWS\System32\ucrtbase.dll
0x00007fff39340000 - 0x00007fff39357000 	C:\Users\skhub\.jdks\corretto-18.0.2\bin\jli.dll
0x00007fff39320000 - 0x00007fff39335000 	C:\Users\skhub\.jdks\corretto-18.0.2\bin\VCRUNTIME140.dll
0x00007fff839b0000 - 0x00007fff83b5d000 	C:\WINDOWS\System32\USER32.dll
0x00007fff83450000 - 0x00007fff83476000 	C:\WINDOWS\System32\win32u.dll
0x00007fff84ec0000 - 0x00007fff84ee9000 	C:\WINDOWS\System32\GDI32.dll
0x00007fff5c5f0000 - 0x00007fff5c87e000 	C:\WINDOWS\WinSxS\amd64_microsoft.windows.common-controls_6595b64144ccf1df_6.0.22621.608_none_a9444ca7c10bb01d\COMCTL32.dll
0x00007fff82f70000 - 0x00007fff83082000 	C:\WINDOWS\System32\gdi32full.dll
0x00007fff833b0000 - 0x00007fff8344a000 	C:\WINDOWS\System32\msvcp_win.dll
0x00007fff83660000 - 0x00007fff83707000 	C:\WINDOWS\System32\msvcrt.dll
0x00007fff85170000 - 0x00007fff851a2000 	C:\WINDOWS\System32\IMM32.DLL
0x00007fff2f970000 - 0x00007fff2fa0b000 	C:\Users\skhub\.jdks\corretto-18.0.2\bin\msvcp140.dll
0x00007fff199f0000 - 0x00007fff1a661000 	C:\Users\skhub\.jdks\corretto-18.0.2\bin\server\jvm.dll
0x00007fff83900000 - 0x00007fff839ae000 	C:\WINDOWS\System32\ADVAPI32.dll
0x00007fff83b60000 - 0x00007fff83c04000 	C:\WINDOWS\System32\sechost.dll
0x00007fff834d0000 - 0x00007fff835e5000 	C:\WINDOWS\System32\RPCRT4.dll
0x00007fff84d10000 - 0x00007fff84d18000 	C:\WINDOWS\System32\PSAPI.DLL
0x00007fff80590000 - 0x00007fff805c4000 	C:\WINDOWS\SYSTEM32\WINMM.dll
0x00007fff4d000000 - 0x00007fff4d009000 	C:\WINDOWS\SYSTEM32\WSOCK32.dll
0x00007fff764a0000 - 0x00007fff764aa000 	C:\WINDOWS\SYSTEM32\VERSION.dll
0x00007fff83c20000 - 0x00007fff83c91000 	C:\WINDOWS\System32\WS2_32.dll
0x00007fff81b70000 - 0x00007fff81b88000 	C:\WINDOWS\SYSTEM32\kernel.appcore.dll
0x00007fff5aea0000 - 0x00007fff5aeaa000 	C:\Users\skhub\.jdks\corretto-18.0.2\bin\jimage.dll
0x00007fff80330000 - 0x00007fff8055e000 	C:\WINDOWS\SYSTEM32\DBGHELP.DLL
0x00007fff83ca0000 - 0x00007fff8402a000 	C:\WINDOWS\System32\combase.dll
0x00007fff85070000 - 0x00007fff85147000 	C:\WINDOWS\System32\OLEAUT32.dll
0x00007fff802f0000 - 0x00007fff80322000 	C:\WINDOWS\SYSTEM32\dbgcore.DLL
0x00007fff83150000 - 0x00007fff831cb000 	C:\WINDOWS\System32\bcryptPrimitives.dll
0x00007fff5b7e0000 - 0x00007fff5b81a000 	C:\Users\skhub\.jdks\corretto-18.0.2\bin\jdwp.dll
0x00007fff78be0000 - 0x00007fff78bee000 	C:\Users\skhub\.jdks\corretto-18.0.2\bin\instrument.dll
0x00007fff38bd0000 - 0x00007fff38bf5000 	C:\Users\skhub\.jdks\corretto-18.0.2\bin\java.dll
0x00007fff37720000 - 0x00007fff37738000 	C:\Users\skhub\.jdks\corretto-18.0.2\bin\zip.dll
0x00007fff2f890000 - 0x00007fff2f966000 	C:\Users\skhub\.jdks\corretto-18.0.2\bin\jsvml.dll
0x00007fff841d0000 - 0x00007fff849bf000 	C:\WINDOWS\System32\SHELL32.dll
0x00007fff80a90000 - 0x00007fff81358000 	C:\WINDOWS\SYSTEM32\windows.storage.dll
0x00007fff80950000 - 0x00007fff80a8e000 	C:\WINDOWS\SYSTEM32\wintypes.dll
0x00007fff83800000 - 0x00007fff838f1000 	C:\WINDOWS\System32\SHCORE.dll
0x00007fff84ef0000 - 0x00007fff84f4e000 	C:\WINDOWS\System32\shlwapi.dll
0x00007fff829e0000 - 0x00007fff82a01000 	C:\WINDOWS\SYSTEM32\profapi.dll
0x00007fff779e0000 - 0x00007fff779ec000 	C:\Users\skhub\.jdks\corretto-18.0.2\bin\dt_socket.dll
0x00007fff81620000 - 0x00007fff8164d000 	C:\WINDOWS\SYSTEM32\IPHLPAPI.DLL
0x00007fff82040000 - 0x00007fff820a9000 	C:\WINDOWS\system32\mswsock.dll
0x00007fff39060000 - 0x00007fff39073000 	C:\Users\skhub\.jdks\corretto-18.0.2\bin\net.dll
0x00007fff7a040000 - 0x00007fff7a16f000 	C:\WINDOWS\SYSTEM32\WINHTTP.dll
0x00007fff38b30000 - 0x00007fff38b45000 	C:\Users\skhub\.jdks\corretto-18.0.2\bin\nio.dll
0x00007fff58290000 - 0x00007fff58305000 	C:\Users\skhub\AppData\Local\Temp\lwjglskhub\3.3.1-build-7\lwjgl.dll
0x00007fff4adb0000 - 0x00007fff4ae11000 	C:\Users\skhub\AppData\Local\Temp\lwjglskhub\3.3.1-build-7\glfw.dll
0x00007fff5ae30000 - 0x00007fff5ae76000 	C:\WINDOWS\SYSTEM32\dinput8.dll
0x00007fff763e0000 - 0x00007fff763f1000 	C:\WINDOWS\SYSTEM32\xinput1_4.dll
0x00007fff827a0000 - 0x00007fff827ee000 	C:\WINDOWS\SYSTEM32\cfgmgr32.dll
0x00007fff82760000 - 0x00007fff82793000 	C:\WINDOWS\SYSTEM32\DEVOBJ.dll
0x00007fff7cd60000 - 0x00007fff7cd8b000 	C:\WINDOWS\SYSTEM32\dwmapi.dll
0x00007fff5a6e0000 - 0x00007fff5a8e1000 	C:\WINDOWS\SYSTEM32\inputhost.dll
0x00007fff7c850000 - 0x00007fff7c983000 	C:\WINDOWS\SYSTEM32\CoreMessaging.dll
0x00007fff7cae0000 - 0x00007fff7cb8b000 	C:\WINDOWS\system32\uxtheme.dll
0x00007fff84d20000 - 0x00007fff84e3e000 	C:\WINDOWS\System32\MSCTF.dll
0x00007fff822b0000 - 0x00007fff822bc000 	C:\WINDOWS\SYSTEM32\CRYPTBASE.DLL
0x00007fff5b530000 - 0x00007fff5b630000 	C:\WINDOWS\SYSTEM32\opengl32.dll
0x00007fff77fe0000 - 0x00007fff7800d000 	C:\WINDOWS\SYSTEM32\GLU32.dll
0x00007fff7fd10000 - 0x00007fff7fd46000 	C:\WINDOWS\SYSTEM32\dxcore.dll
0x00007fff76170000 - 0x00007fff761b9000 	C:\WINDOWS\SYSTEM32\directxdatabasehelper.dll
0x00007fff84a90000 - 0x00007fff84b47000 	C:\WINDOWS\System32\clbcatq.dll
0x00007fff157f0000 - 0x00007fff168ac000 	C:\WINDOWS\System32\DriverStore\FileRepository\iigd_dch.inf_amd64_22025955949136f8\igxelpicd64.dll
0x00007fff84030000 - 0x00007fff841cc000 	C:\WINDOWS\System32\ole32.dll
0x00007fff7cc50000 - 0x00007fff7cd47000 	C:\WINDOWS\system32\dxgi.dll
0x00007fff39590000 - 0x00007fff396b4000 	C:\WINDOWS\System32\DriverStore\FileRepository\iigd_dch.inf_amd64_22025955949136f8\igdml64.dll
0x00007fff71ac0000 - 0x00007fff71ecd000 	C:\WINDOWS\System32\DriverStore\FileRepository\iigd_dch.inf_amd64_22025955949136f8\igdgmm64.dll
0x00007fff831d0000 - 0x00007fff8323b000 	C:\WINDOWS\System32\WINTRUST.dll
0x00007fff83240000 - 0x00007fff833a6000 	C:\WINDOWS\System32\CRYPT32.dll
0x00007fff82310000 - 0x00007fff82322000 	C:\WINDOWS\SYSTEM32\MSASN1.dll
0x00007fff6e230000 - 0x00007fff71abe000 	C:\WINDOWS\System32\DriverStore\FileRepository\iigd_dch.inf_amd64_22025955949136f8\igc64.dll
0x00007fff81980000 - 0x00007fff819cd000 	C:\WINDOWS\SYSTEM32\powrprof.dll
0x00007fff81960000 - 0x00007fff81973000 	C:\WINDOWS\SYSTEM32\UMPDC.dll
0x00007fff566a0000 - 0x00007fff567cd000 	C:\WINDOWS\SYSTEM32\textinputframework.dll
0x00007fff748f0000 - 0x00007fff74c5c000 	C:\WINDOWS\SYSTEM32\CoreUIComponents.dll
0x00007fff42e00000 - 0x00007fff42e69000 	C:\WINDOWS\system32\Oleacc.dll
0x00007fff75bf0000 - 0x00007fff75c01000 	C:\Users\skhub\.jdks\corretto-18.0.2\bin\jsound.dll
0x00007fff39f10000 - 0x00007fff39fb2000 	C:\WINDOWS\SYSTEM32\DSOUND.dll
0x00007fff6a2f0000 - 0x00007fff6a319000 	C:\WINDOWS\SYSTEM32\winmmbase.dll
0x00007fff394d0000 - 0x00007fff39581000 	C:\WINDOWS\SYSTEM32\ResampleDmo.DLL
0x00007fff5ad40000 - 0x00007fff5ad4b000 	C:\WINDOWS\SYSTEM32\msdmo.dll
0x00007fff771b0000 - 0x00007fff7724d000 	C:\WINDOWS\System32\MMDevApi.dll
0x00007fff5a8f0000 - 0x00007fff5a936000 	C:\WINDOWS\SYSTEM32\wdmaud.drv
0x00007fff5c970000 - 0x00007fff5c979000 	C:\WINDOWS\SYSTEM32\ksuser.dll
0x00007fff78d40000 - 0x00007fff78d4b000 	C:\WINDOWS\SYSTEM32\AVRT.dll
0x00007fff58730000 - 0x00007fff58915000 	C:\WINDOWS\SYSTEM32\AUDIOSES.DLL
0x00007fff78b90000 - 0x00007fff78b9e000 	C:\WINDOWS\SYSTEM32\msacm32.drv
0x00007fff77fa0000 - 0x00007fff77fbe000 	C:\WINDOWS\SYSTEM32\MSACM32.dll
0x00007fff781f0000 - 0x00007fff781fb000 	C:\WINDOWS\SYSTEM32\midimap.dll
0x00007fff5a990000 - 0x00007fff5a9ed000 	C:\Users\skhub\AppData\Local\Temp\lwjglskhub\3.3.1-build-7\lwjgl_opengl.dll
0x00007fff80090000 - 0x00007fff800a5000 	C:\WINDOWS\SYSTEM32\resourcepolicyclient.dll
0x00007fff56860000 - 0x00007fff569d4000 	C:\Windows\System32\Windows.UI.dll

dbghelp: loaded successfully - version: 4.0.5 - missing functions: none
symbol engine: initialized successfully - sym options: 0x614 - pdb path: .;C:\Users\skhub\.jdks\corretto-18.0.2\bin;C:\WINDOWS\SYSTEM32;C:\WINDOWS\WinSxS\amd64_microsoft.windows.common-controls_6595b64144ccf1df_6.0.22621.608_none_a9444ca7c10bb01d;C:\Users\skhub\.jdks\corretto-18.0.2\bin\server;C:\Users\skhub\AppData\Local\Temp\lwjglskhub\3.3.1-build-7;C:\WINDOWS\System32\DriverStore\FileRepository\iigd_dch.inf_amd64_22025955949136f8

VM Arguments:
jvm_args: -agentlib:jdwp=transport=dt_socket,address=127.0.0.1:54489,suspend=y,server=n -javaagent:C:\Users\skhub\AppData\Local\JetBrains\IdeaIC2022.3\captureAgent\debugger-agent.jar -Dfile.encoding=UTF-8 -Dsun.stdout.encoding=UTF-8 -Dsun.stderr.encoding=UTF-8 
java_command: MainKt
java_class_path (initial): C:\Users\skhub\IdeaProjects\lwjgl-test\target\classes;C:\Users\skhub\.m2\repository\org\jetbrains\kotlin\kotlin-stdlib-jdk8\1.7.21\kotlin-stdlib-jdk8-1.7.21.jar;C:\Users\skhub\.m2\repository\org\jetbrains\kotlin\kotlin-stdlib\1.7.21\kotlin-stdlib-1.7.21.jar;C:\Users\skhub\.m2\repository\org\jetbrains\kotlin\kotlin-stdlib-common\1.7.21\kotlin-stdlib-common-1.7.21.jar;C:\Users\skhub\.m2\repository\org\jetbrains\annotations\13.0\annotations-13.0.jar;C:\Users\skhub\.m2\repository\org\jetbrains\kotlin\kotlin-stdlib-jdk7\1.7.21\kotlin-stdlib-jdk7-1.7.21.jar;C:\Users\skhub\.m2\repository\org\lwjgl\lwjgl\3.3.1\lwjgl-3.3.1.jar;C:\Users\skhub\.m2\repository\org\lwjgl\lwjgl-assimp\3.3.1\lwjgl-assimp-3.3.1.jar;C:\Users\skhub\.m2\repository\org\lwjgl\lwjgl-glfw\3.3.1\lwjgl-glfw-3.3.1.jar;C:\Users\skhub\.m2\repository\org\lwjgl\lwjgl-openal\3.3.1\lwjgl-openal-3.3.1.jar;C:\Users\skhub\.m2\repository\org\lwjgl\lwjgl-opencl\3.3.1\lwjgl-opencl-3.3.1.jar;C:\Users\skhub\.m2\repository\org\lwjgl\lwjgl-opengl\3.3.1\lwjgl-opengl-3.3.1.jar;C:\Users\skhub\.m2\repository\org\lwjgl\lwjgl-openvr\3.3.1\lwjgl-openvr-3.3.1.jar;C:\Users\skhub\.m2\repository\org\lwjgl\lwjgl-stb\3.3.1\lwjgl-stb-3.3.1.jar;C:\Users\skhub\.m2\repository\org\lwjgl\lwjgl\3.3.1\lwjgl-3.3.1-natives-windows.jar;C:\Users\skhub\.m2\repository\org\lwjgl\lwjgl-assimp\3.3.1\lwjgl-assimp-3.3.1-natives-windows.jar;C:\Users\skhub\.m2\repository\org\lwjgl\lwjgl-glfw\3.3.1\lwjgl-glfw-3.3.1-natives-windows.jar;C:\Users\skhub\.m2\repository\org\lwjgl\lwjgl-openal\3.3.1\lwjgl-openal-3.3.1-natives-windows.jar;C:\Users\skhub\.m2\repository\org\lwjgl\lwjgl-opengl\3.3.1\lwjgl-opengl-3.3.1-natives-windows.jar;C:\Users\skhub\.m2\repository\org\lwjgl\lwjgl-openvr\3.3.1\lwjgl-openvr-3.3.1-natives-windows.jar;C:\Users\skhub\.m2\repository\org\lwjgl\lwjgl-stb\3.3.1\lwjgl-stb-3.3.1-natives-windows.jar;C:\Program Files\JetBrains\IntelliJ IDEA Community Edition 2022.3.1\lib\idea_rt.jar
Launcher Type: SUN_STANDARD

[Global flags]
     intx CICompilerCount                          = 4                                         {product} {ergonomic}
     uint ConcGCThreads                            = 3                                         {product} {ergonomic}
     uint G1ConcRefinementThreads                  = 10                                        {product} {ergonomic}
   size_t G1HeapRegionSize                         = 2097152                                   {product} {ergonomic}
    uintx GCDrainStackTargetSize                   = 64                                        {product} {ergonomic}
   size_t InitialHeapSize                          = 264241152                                 {product} {ergonomic}
   size_t MarkStackSize                            = 4194304                                   {product} {ergonomic}
   size_t MaxHeapSize                              = 4213178368                                {product} {ergonomic}
   size_t MaxNewSize                               = 2527068160                                {product} {ergonomic}
   size_t MinHeapDeltaBytes                        = 2097152                                   {product} {ergonomic}
   size_t MinHeapSize                              = 8388608                                   {product} {ergonomic}
    uintx NonNMethodCodeHeapSize                   = 5839372                                {pd product} {ergonomic}
    uintx NonProfiledCodeHeapSize                  = 122909434                              {pd product} {ergonomic}
    uintx ProfiledCodeHeapSize                     = 122909434                              {pd product} {ergonomic}
    uintx ReservedCodeCacheSize                    = 251658240                              {pd product} {ergonomic}
     bool SegmentedCodeCache                       = true                                      {product} {ergonomic}
   size_t SoftMaxHeapSize                          = 4213178368                             {manageable} {ergonomic}
     bool UseCompressedClassPointers               = true                           {product lp64_product} {ergonomic}
     bool UseCompressedOops                        = true                           {product lp64_product} {ergonomic}
     bool UseG1GC                                  = true                                      {product} {ergonomic}
     bool UseLargePagesIndividualAllocation        = false                                  {pd product} {ergonomic}

Logging:
Log output configuration:
 #0: stdout all=warning uptime,level,tags foldmultilines=false
 #1: stderr all=off uptime,level,tags foldmultilines=false

Environment Variables:
PATH=C:\Python311\Scripts\;C:\Python311\;C:\WINDOWS\system32;C:\WINDOWS;C:\WINDOWS\System32\Wbem;C:\WINDOWS\System32\WindowsPowerShell\v1.0\;C:\WINDOWS\System32\OpenSSH\;C:\Program Files\dotnet\;C:\Program Files\Git\cmd;C:\Program Files\nodejs\;C:\ProgramData\chocolatey\bin;C:\Users\skhub\AppData\Local\Android\Sdk\platform-tools;C:\Users\skhub\AppData\Local\Microsoft\WindowsApps;;C:\Users\skhub\AppData\Local\Programs\Microsoft VS Code\bin;C:\Users\skhub\AppData\Roaming\npm
USERNAME=skhub
OS=Windows_NT
PROCESSOR_IDENTIFIER=Intel64 Family 6 Model 154 Stepping 4, GenuineIntel



---------------  S Y S T E M  ---------------

OS:
 Windows 11 , 64 bit Build 22621 (10.0.22621.1105)
OS uptime: 5 days 19:33 hours
Hyper-V role detected

CPU: total 12 (initial active 12) (6 cores per cpu, 2 threads per core) family 6 model 154 stepping 4 microcode 0x423, cx8, cmov, fxsr, ht, mmx, 3dnowpref, sse, sse2, sse3, ssse3, sse4.1, sse4.2, popcnt, lzcnt, tsc, tscinvbit, avx, avx2, aes, erms, clmul, bmi1, bmi2, adx, sha, fma, vzeroupper, clflush, clflushopt, clwb, hv, serialize

Memory: 4k page, system-wide physical 16068M (3522M free)
TotalPageFile size 21491M (AvailPageFile size 4532M)
current process WorkingSet (physical memory assigned to process): 159M, peak: 159M
current process commit charge ("private bytes"): 405M, peak: 407M

vm_info: OpenJDK 64-Bit Server VM (18.0.2+9-FR) for windows-amd64 JRE (18.0.2+9-FR), built on Jul 15 2022 20:03:03 by "Administrator" with MS VC++ 15.9 (VS2017)

END.
